The system is: Linux - 3.10.0-957.1.3.el7.x86_64 - x86_64
Compiling the C compiler identification source file "CMakeCCompilerId.c" succeeded.
Compiler: /opt/ohpc/pub/intel/intel18/compilers_and_libraries_2018.0.128/linux/bin/intel64/icc 
Build flags: 
Id flags:  

The output was:
0


Compilation of the C compiler identification source "CMakeCCompilerId.c" produced "a.out"

The C compiler identification is Intel, found in "/home/wwen/Merged_Genarris/Fork_Version/cgenarris/build/CMakeFiles/3.13.5/CompilerIdC/a.out"

Compiling the CXX compiler identification source file "CMakeCXXCompilerId.cpp" succeeded.
Compiler: /opt/ohpc/pub/intel/intel18/compilers_and_libraries_2018.3.222/linux/bin/intel64/icpc 
Build flags: 
Id flags:  

The output was:
0


Compilation of the CXX compiler identification source "CMakeCXXCompilerId.cpp" produced "a.out"

The CXX compiler identification is Intel, found in "/home/wwen/Merged_Genarris/Fork_Version/cgenarris/build/CMakeFiles/3.13.5/CompilerIdCXX/a.out"

Determining if the C compiler works passed with the following output:
Change Dir: /home/wwen/Merged_Genarris/Fork_Version/cgenarris/build/CMakeFiles/CMakeTmp

Run Build Command:"/usr/bin/gmake" "cmTC_95006/fast"
/usr/bin/gmake -f CMakeFiles/cmTC_95006.dir/build.make CMakeFiles/cmTC_95006.dir/build
gmake[1]: Entering directory `/home/wwen/Merged_Genarris/Fork_Version/cgenarris/build/CMakeFiles/CMakeTmp'
Building C object CMakeFiles/cmTC_95006.dir/testCCompiler.c.o
/opt/ohpc/pub/intel/intel18/compilers_and_libraries_2018.0.128/linux/bin/intel64/icc    -o CMakeFiles/cmTC_95006.dir/testCCompiler.c.o   -c /home/wwen/Merged_Genarris/Fork_Version/cgenarris/build/CMakeFiles/CMakeTmp/testCCompiler.c
Linking C executable cmTC_95006
/usr/bin/cmake3 -E cmake_link_script CMakeFiles/cmTC_95006.dir/link.txt --verbose=1
/opt/ohpc/pub/intel/intel18/compilers_and_libraries_2018.0.128/linux/bin/intel64/icc      CMakeFiles/cmTC_95006.dir/testCCompiler.c.o  -o cmTC_95006 
gmake[1]: Leaving directory `/home/wwen/Merged_Genarris/Fork_Version/cgenarris/build/CMakeFiles/CMakeTmp'


Detecting C compiler ABI info compiled with the following output:
Change Dir: /home/wwen/Merged_Genarris/Fork_Version/cgenarris/build/CMakeFiles/CMakeTmp

Run Build Command:"/usr/bin/gmake" "cmTC_ed3de/fast"
/usr/bin/gmake -f CMakeFiles/cmTC_ed3de.dir/build.make CMakeFiles/cmTC_ed3de.dir/build
gmake[1]: Entering directory `/home/wwen/Merged_Genarris/Fork_Version/cgenarris/build/CMakeFiles/CMakeTmp'
Building C object CMakeFiles/cmTC_ed3de.dir/CMakeCCompilerABI.c.o
/opt/ohpc/pub/intel/intel18/compilers_and_libraries_2018.0.128/linux/bin/intel64/icc    -o CMakeFiles/cmTC_ed3de.dir/CMakeCCompilerABI.c.o   -c /usr/share/cmake3/Modules/CMakeCCompilerABI.c
Linking C executable cmTC_ed3de
/usr/bin/cmake3 -E cmake_link_script CMakeFiles/cmTC_ed3de.dir/link.txt --verbose=1
/opt/ohpc/pub/intel/intel18/compilers_and_libraries_2018.0.128/linux/bin/intel64/icc     -v CMakeFiles/cmTC_ed3de.dir/CMakeCCompilerABI.c.o  -o cmTC_ed3de 
icc version 18.0.0 (gcc version 8.2.0 compatibility)
/opt/ohpc/pub/intel/intel18/compilers_and_libraries_2018.0.128/linux/bin/intel64/mcpcom    -mGLOB_em64t=TRUE -mP1OPT_version=18.0-intel64 -mGLOB_diag_file=CMakeFiles/cmTC_ed3de.dir/CMakeCCompilerABI.c.diag -mGLOB_long_size_64 -mGLOB_routine_pointer_size_64 -mP1OPT_print_version=FALSE -mCG_use_gas_got_workaround=F -mP2OPT_align_option_used=TRUE -mGLOB_gcc_version=820 "-mGLOB_options_string=-v -o cmTC_ed3de" -mGLOB_cxx_limited_range=FALSE -mCG_extend_parms=FALSE -mGLOB_compiler_bin_directory=/opt/ohpc/pub/intel/intel18/compilers_and_libraries_2018.0.128/linux/bin/intel64 -mGLOB_as_output_backup_file_name=/tmp/iccZLVS6Gas_.s -mGLOB_dashboard_use_source_name -mIPOPT_activate -mGLOB_product_id_code=0x22006d92 -mP3OPT_use_mspp_call_convention -mP2OPT_subs_out_of_bound=FALSE -mP2OPT_disam_type_based_disam=2 -mP2OPT_disam_assume_ansi_c -mP2OPT_checked_disam_ansi_alias=TRUE -mGLOB_ansi_alias -mPGOPTI_value_profile_use=T -mGLOB_opt_report_use_source_name -mP2OPT_il0_array_sections=TRUE -mGLOB_offload_mode=1 -mP2OPT_offload_unique_var_string=icc1471087378X6Hv3A -mP2OPT_hlo -mP2OPT_hpo_rtt_control=0 -mIPOPT_args_in_regs=0 -mP2OPT_disam_assume_nonstd_intent_in=FALSE -mGLOB_imf_mapping_library=/opt/ohpc/pub/intel/intel18/compilers_and_libraries_2018.0.128/linux/bin/intel64/libiml_attr.so -mPGOPTI_gen_threadsafe_level=0 -mIPOPT_link -mIPOPT_ipo_activate -mIPOPT_mo_activate -mIPOPT_source_files_list=/tmp/iccslisTHQpin -mIPOPT_mo_global_data -mIPOPT_link_script_file=/tmp/iccscript8KXme9 "-mIPOPT_cmdline_link="/lib/../lib64/crt1.o" "/lib/../lib64/crti.o" "/usr/local/lib/gcc/x86_64-pc-linux-gnu/8.2.0/crtbegin.o" "--eh-frame-hdr" "--build-id" "-dynamic-linker" "/lib64/ld-linux-x86-64.so.2" "-m" "elf_x86_64" "-o" "cmTC_ed3de" "-L/opt/ohpc/pub/intel/intel18/compilers_and_libraries_2018.0.128/linux/ipp/lib/intel64" "-L/opt/ohpc/pub/intel/intel18/compilers_and_libraries_2018.0.128/linux/compiler/lib/intel64_lin" "-L/opt/ohpc/pub/intel/intel18/compilers_and_libraries_2018.0.128/linux/mkl/lib/intel64_lin" "-L/opt/ohpc/pub/intel/intel18/compilers_and_libraries_2018.0.128/linux/tbb/lib/intel64/gcc4.1" "-L/opt/ohpc/pub/intel/intel18/compilers_and_libraries_2018.0.128/linux/daal/lib/intel64_lin" "-L/opt/ohpc/pub/intel/intel18/compilers_and_libraries_2018.0.128/linux/tbb/lib/intel64_lin/gcc4.4" "-L/opt/ohpc/pub/intel/intel18/compilers_and_libraries_2018.0.128/linux/compiler/lib/intel64_lin" "-L/usr/local/lib/gcc/x86_64-pc-linux-gnu/8.2.0/" "-L/usr/local/lib/gcc/x86_64-pc-linux-gnu/8.2.0/../../../../lib64" "-L/usr/local/lib/gcc/x86_64-pc-linux-gnu/8.2.0/../../../../lib64/" "-L/lib/../lib64" "-L/lib/../lib64/" "-L/usr/lib/../lib64" "-L/usr/lib/../lib64/" "-L/opt/ohpc/pub/intel/intel18/compilers_and_libraries_2018.0.128/linux/ipp/lib/intel64/" "-L/opt/ohpc/pub/intel/intel18/compilers_and_libraries_2018.0.128/linux/compiler/lib/intel64_lin/" "-L/opt/ohpc/pub/intel/intel18/compilers_and_libraries_2018.0.128/linux/mkl/lib/intel64_lin/" "-L/opt/ohpc/pub/intel/intel18/compilers_and_libraries_2018.0.128/linux/tbb/lib/intel64/gcc4.1/" "-L/opt/ohpc/pub/intel/intel18/compilers_and_libraries_2018.0.128/linux/daal/lib/intel64_lin/" "-L/opt/ohpc/pub/intel/intel18/compilers_and_libraries_2018.0.128/linux/tbb/lib/intel64_lin/gcc4.4/" "-L/usr/local/lib/gcc/x86_64-pc-linux-gnu/8.2.0/../../../" "-L/lib64" "-L/lib/" "-L/usr/lib64" "-L/usr/lib" "-L/usr/lib/i386-linux-gnu" "CMakeFiles/cmTC_ed3de.dir/CMakeCCompilerABI.c.o" "-Bdynamic" "-Bstatic" "-limf" "-lsvml" "-lirng" "-Bdynamic" "-lm" "-Bstatic" "-lipgo" "-ldecimal" "--as-needed" "-Bdynamic" "-lcilkrts" "-lstdc++" "--no-as-needed" "-lgcc" "-lgcc_s" "-Bstatic" "-lirc" "-lsvml" "-Bdynamic" "-lc" "-lgcc" "-lgcc_s" "-Bstatic" "-lirc_s" "-Bdynamic" "-ldl" "-lc" "/usr/local/lib/gcc/x86_64-pc-linux-gnu/8.2.0/crtend.o" "/lib/../lib64/crtn.o"" -mIPOPT_il_in_obj -mIPOPT_ipo_activate_warn=FALSE -mIPOPT_obj_output_file_name=/tmp/ipo_iccDyYRGJ.o -mIPOPT_whole_archive_fixup_file_name=/tmp/iccwarchOnQPX0 -mGLOB_linker_version=2.27 -mGLOB_driver_tempfile_name=/tmp/icctempfileWHJkVM -mP3OPT_asm_target=P3OPT_ASM_TARGET_GAS -mGLOB_async_unwind_tables=TRUE -mGLOB_obj_output_file=/tmp/ipo_iccDyYRGJ.o -mGLOB_source_dialect=GLOB_SOURCE_DIALECT_NONE -mP1OPT_source_file_name=ipo_out.c CMakeFiles/cmTC_ed3de.dir/CMakeCCompilerABI.c.o -mIPOPT_object_files=T -mIPOPT_assembly_files=/tmp/iccalisFWrGyh -mIPOPT_generated_tempfiles=/tmp/iccelistquBu3 -mIPOPT_embedded_object_base_name=/tmp/icceobjSbexqP -mIPOPT_cmdline_link_new_name=/tmp/iccllisBLstmB
ld    /lib/../lib64/crt1.o /lib/../lib64/crti.o /usr/local/lib/gcc/x86_64-pc-linux-gnu/8.2.0/crtbegin.o --eh-frame-hdr --build-id -dynamic-linker /lib64/ld-linux-x86-64.so.2 -m elf_x86_64 -o cmTC_ed3de -L/opt/ohpc/pub/intel/intel18/compilers_and_libraries_2018.0.128/linux/ipp/lib/intel64 -L/opt/ohpc/pub/intel/intel18/compilers_and_libraries_2018.0.128/linux/compiler/lib/intel64_lin -L/opt/ohpc/pub/intel/intel18/compilers_and_libraries_2018.0.128/linux/mkl/lib/intel64_lin -L/opt/ohpc/pub/intel/intel18/compilers_and_libraries_2018.0.128/linux/tbb/lib/intel64/gcc4.1 -L/opt/ohpc/pub/intel/intel18/compilers_and_libraries_2018.0.128/linux/daal/lib/intel64_lin -L/opt/ohpc/pub/intel/intel18/compilers_and_libraries_2018.0.128/linux/tbb/lib/intel64_lin/gcc4.4 -L/opt/ohpc/pub/intel/intel18/compilers_and_libraries_2018.0.128/linux/compiler/lib/intel64_lin -L/usr/local/lib/gcc/x86_64-pc-linux-gnu/8.2.0/ -L/usr/local/lib/gcc/x86_64-pc-linux-gnu/8.2.0/../../../../lib64 -L/usr/local/lib/gcc/x86_64-pc-linux-gnu/8.2.0/../../../../lib64/ -L/lib/../lib64 -L/lib/../lib64/ -L/usr/lib/../lib64 -L/usr/lib/../lib64/ -L/opt/ohpc/pub/intel/intel18/compilers_and_libraries_2018.0.128/linux/ipp/lib/intel64/ -L/opt/ohpc/pub/intel/intel18/compilers_and_libraries_2018.0.128/linux/compiler/lib/intel64_lin/ -L/opt/ohpc/pub/intel/intel18/compilers_and_libraries_2018.0.128/linux/mkl/lib/intel64_lin/ -L/opt/ohpc/pub/intel/intel18/compilers_and_libraries_2018.0.128/linux/tbb/lib/intel64/gcc4.1/ -L/opt/ohpc/pub/intel/intel18/compilers_and_libraries_2018.0.128/linux/daal/lib/intel64_lin/ -L/opt/ohpc/pub/intel/intel18/compilers_and_libraries_2018.0.128/linux/tbb/lib/intel64_lin/gcc4.4/ -L/usr/local/lib/gcc/x86_64-pc-linux-gnu/8.2.0/../../../ -L/lib64 -L/lib/ -L/usr/lib64 -L/usr/lib -L/usr/lib/i386-linux-gnu CMakeFiles/cmTC_ed3de.dir/CMakeCCompilerABI.c.o -Bdynamic -Bstatic -limf -lsvml -lirng -Bdynamic -lm -Bstatic -lipgo -ldecimal --as-needed -Bdynamic -lcilkrts -lstdc++ --no-as-needed -lgcc -lgcc_s -Bstatic -lirc -lsvml -Bdynamic -lc -lgcc -lgcc_s -Bstatic -lirc_s -Bdynamic -ldl -lc /usr/local/lib/gcc/x86_64-pc-linux-gnu/8.2.0/crtend.o /lib/../lib64/crtn.o
gmake[1]: Leaving directory `/home/wwen/Merged_Genarris/Fork_Version/cgenarris/build/CMakeFiles/CMakeTmp'


Parsed C implicit link information from above output:
  link line regex: [^( *|.*[/\])(ld|CMAKE_LINK_STARTFILE-NOTFOUND|([^/\]+-)?ld|collect2)[^/\]*( |$)]
  ignore line: [Change Dir: /home/wwen/Merged_Genarris/Fork_Version/cgenarris/build/CMakeFiles/CMakeTmp]
  ignore line: []
  ignore line: [Run Build Command:"/usr/bin/gmake" "cmTC_ed3de/fast"]
  ignore line: [/usr/bin/gmake -f CMakeFiles/cmTC_ed3de.dir/build.make CMakeFiles/cmTC_ed3de.dir/build]
  ignore line: [gmake[1]: Entering directory `/home/wwen/Merged_Genarris/Fork_Version/cgenarris/build/CMakeFiles/CMakeTmp']
  ignore line: [Building C object CMakeFiles/cmTC_ed3de.dir/CMakeCCompilerABI.c.o]
  ignore line: [/opt/ohpc/pub/intel/intel18/compilers_and_libraries_2018.0.128/linux/bin/intel64/icc    -o CMakeFiles/cmTC_ed3de.dir/CMakeCCompilerABI.c.o   -c /usr/share/cmake3/Modules/CMakeCCompilerABI.c]
  ignore line: [Linking C executable cmTC_ed3de]
  ignore line: [/usr/bin/cmake3 -E cmake_link_script CMakeFiles/cmTC_ed3de.dir/link.txt --verbose=1]
  ignore line: [/opt/ohpc/pub/intel/intel18/compilers_and_libraries_2018.0.128/linux/bin/intel64/icc     -v CMakeFiles/cmTC_ed3de.dir/CMakeCCompilerABI.c.o  -o cmTC_ed3de ]
  ignore line: [icc version 18.0.0 (gcc version 8.2.0 compatibility)]
  ignore line: [/opt/ohpc/pub/intel/intel18/compilers_and_libraries_2018.0.128/linux/bin/intel64/mcpcom    -mGLOB_em64t=TRUE -mP1OPT_version=18.0-intel64 -mGLOB_diag_file=CMakeFiles/cmTC_ed3de.dir/CMakeCCompilerABI.c.diag -mGLOB_long_size_64 -mGLOB_routine_pointer_size_64 -mP1OPT_print_version=FALSE -mCG_use_gas_got_workaround=F -mP2OPT_align_option_used=TRUE -mGLOB_gcc_version=820 "-mGLOB_options_string=-v -o cmTC_ed3de" -mGLOB_cxx_limited_range=FALSE -mCG_extend_parms=FALSE -mGLOB_compiler_bin_directory=/opt/ohpc/pub/intel/intel18/compilers_and_libraries_2018.0.128/linux/bin/intel64 -mGLOB_as_output_backup_file_name=/tmp/iccZLVS6Gas_.s -mGLOB_dashboard_use_source_name -mIPOPT_activate -mGLOB_product_id_code=0x22006d92 -mP3OPT_use_mspp_call_convention -mP2OPT_subs_out_of_bound=FALSE -mP2OPT_disam_type_based_disam=2 -mP2OPT_disam_assume_ansi_c -mP2OPT_checked_disam_ansi_alias=TRUE -mGLOB_ansi_alias -mPGOPTI_value_profile_use=T -mGLOB_opt_report_use_source_name -mP2OPT_il0_array_sections=TRUE -mGLOB_offload_mode=1 -mP2OPT_offload_unique_var_string=icc1471087378X6Hv3A -mP2OPT_hlo -mP2OPT_hpo_rtt_control=0 -mIPOPT_args_in_regs=0 -mP2OPT_disam_assume_nonstd_intent_in=FALSE -mGLOB_imf_mapping_library=/opt/ohpc/pub/intel/intel18/compilers_and_libraries_2018.0.128/linux/bin/intel64/libiml_attr.so -mPGOPTI_gen_threadsafe_level=0 -mIPOPT_link -mIPOPT_ipo_activate -mIPOPT_mo_activate -mIPOPT_source_files_list=/tmp/iccslisTHQpin -mIPOPT_mo_global_data -mIPOPT_link_script_file=/tmp/iccscript8KXme9 "-mIPOPT_cmdline_link="/lib/../lib64/crt1.o" "/lib/../lib64/crti.o" "/usr/local/lib/gcc/x86_64-pc-linux-gnu/8.2.0/crtbegin.o" "--eh-frame-hdr" "--build-id" "-dynamic-linker" "/lib64/ld-linux-x86-64.so.2" "-m" "elf_x86_64" "-o" "cmTC_ed3de" "-L/opt/ohpc/pub/intel/intel18/compilers_and_libraries_2018.0.128/linux/ipp/lib/intel64" "-L/opt/ohpc/pub/intel/intel18/compilers_and_libraries_2018.0.128/linux/compiler/lib/intel64_lin" "-L/opt/ohpc/pub/intel/intel18/compilers_and_libraries_2018.0.128/linux/mkl/lib/intel64_lin" "-L/opt/ohpc/pub/intel/intel18/compilers_and_libraries_2018.0.128/linux/tbb/lib/intel64/gcc4.1" "-L/opt/ohpc/pub/intel/intel18/compilers_and_libraries_2018.0.128/linux/daal/lib/intel64_lin" "-L/opt/ohpc/pub/intel/intel18/compilers_and_libraries_2018.0.128/linux/tbb/lib/intel64_lin/gcc4.4" "-L/opt/ohpc/pub/intel/intel18/compilers_and_libraries_2018.0.128/linux/compiler/lib/intel64_lin" "-L/usr/local/lib/gcc/x86_64-pc-linux-gnu/8.2.0/" "-L/usr/local/lib/gcc/x86_64-pc-linux-gnu/8.2.0/../../../../lib64" "-L/usr/local/lib/gcc/x86_64-pc-linux-gnu/8.2.0/../../../../lib64/" "-L/lib/../lib64" "-L/lib/../lib64/" "-L/usr/lib/../lib64" "-L/usr/lib/../lib64/" "-L/opt/ohpc/pub/intel/intel18/compilers_and_libraries_2018.0.128/linux/ipp/lib/intel64/" "-L/opt/ohpc/pub/intel/intel18/compilers_and_libraries_2018.0.128/linux/compiler/lib/intel64_lin/" "-L/opt/ohpc/pub/intel/intel18/compilers_and_libraries_2018.0.128/linux/mkl/lib/intel64_lin/" "-L/opt/ohpc/pub/intel/intel18/compilers_and_libraries_2018.0.128/linux/tbb/lib/intel64/gcc4.1/" "-L/opt/ohpc/pub/intel/intel18/compilers_and_libraries_2018.0.128/linux/daal/lib/intel64_lin/" "-L/opt/ohpc/pub/intel/intel18/compilers_and_libraries_2018.0.128/linux/tbb/lib/intel64_lin/gcc4.4/" "-L/usr/local/lib/gcc/x86_64-pc-linux-gnu/8.2.0/../../../" "-L/lib64" "-L/lib/" "-L/usr/lib64" "-L/usr/lib" "-L/usr/lib/i386-linux-gnu" "CMakeFiles/cmTC_ed3de.dir/CMakeCCompilerABI.c.o" "-Bdynamic" "-Bstatic" "-limf" "-lsvml" "-lirng" "-Bdynamic" "-lm" "-Bstatic" "-lipgo" "-ldecimal" "--as-needed" "-Bdynamic" "-lcilkrts" "-lstdc++" "--no-as-needed" "-lgcc" "-lgcc_s" "-Bstatic" "-lirc" "-lsvml" "-Bdynamic" "-lc" "-lgcc" "-lgcc_s" "-Bstatic" "-lirc_s" "-Bdynamic" "-ldl" "-lc" "/usr/local/lib/gcc/x86_64-pc-linux-gnu/8.2.0/crtend.o" "/lib/../lib64/crtn.o"" -mIPOPT_il_in_obj -mIPOPT_ipo_activate_warn=FALSE -mIPOPT_obj_output_file_name=/tmp/ipo_iccDyYRGJ.o -mIPOPT_whole_archive_fixup_file_name=/tmp/iccwarchOnQPX0 -mGLOB_linker_version=2.27 -mGLOB_driver_tempfile_name=/tmp/icctempfileWHJkVM -mP3OPT_asm_target=P3OPT_ASM_TARGET_GAS -mGLOB_async_unwind_tables=TRUE -mGLOB_obj_output_file=/tmp/ipo_iccDyYRGJ.o -mGLOB_source_dialect=GLOB_SOURCE_DIALECT_NONE -mP1OPT_source_file_name=ipo_out.c CMakeFiles/cmTC_ed3de.dir/CMakeCCompilerABI.c.o -mIPOPT_object_files=T -mIPOPT_assembly_files=/tmp/iccalisFWrGyh -mIPOPT_generated_tempfiles=/tmp/iccelistquBu3 -mIPOPT_embedded_object_base_name=/tmp/icceobjSbexqP -mIPOPT_cmdline_link_new_name=/tmp/iccllisBLstmB]
  link line: [ld    /lib/../lib64/crt1.o /lib/../lib64/crti.o /usr/local/lib/gcc/x86_64-pc-linux-gnu/8.2.0/crtbegin.o --eh-frame-hdr --build-id -dynamic-linker /lib64/ld-linux-x86-64.so.2 -m elf_x86_64 -o cmTC_ed3de -L/opt/ohpc/pub/intel/intel18/compilers_and_libraries_2018.0.128/linux/ipp/lib/intel64 -L/opt/ohpc/pub/intel/intel18/compilers_and_libraries_2018.0.128/linux/compiler/lib/intel64_lin -L/opt/ohpc/pub/intel/intel18/compilers_and_libraries_2018.0.128/linux/mkl/lib/intel64_lin -L/opt/ohpc/pub/intel/intel18/compilers_and_libraries_2018.0.128/linux/tbb/lib/intel64/gcc4.1 -L/opt/ohpc/pub/intel/intel18/compilers_and_libraries_2018.0.128/linux/daal/lib/intel64_lin -L/opt/ohpc/pub/intel/intel18/compilers_and_libraries_2018.0.128/linux/tbb/lib/intel64_lin/gcc4.4 -L/opt/ohpc/pub/intel/intel18/compilers_and_libraries_2018.0.128/linux/compiler/lib/intel64_lin -L/usr/local/lib/gcc/x86_64-pc-linux-gnu/8.2.0/ -L/usr/local/lib/gcc/x86_64-pc-linux-gnu/8.2.0/../../../../lib64 -L/usr/local/lib/gcc/x86_64-pc-linux-gnu/8.2.0/../../../../lib64/ -L/lib/../lib64 -L/lib/../lib64/ -L/usr/lib/../lib64 -L/usr/lib/../lib64/ -L/opt/ohpc/pub/intel/intel18/compilers_and_libraries_2018.0.128/linux/ipp/lib/intel64/ -L/opt/ohpc/pub/intel/intel18/compilers_and_libraries_2018.0.128/linux/compiler/lib/intel64_lin/ -L/opt/ohpc/pub/intel/intel18/compilers_and_libraries_2018.0.128/linux/mkl/lib/intel64_lin/ -L/opt/ohpc/pub/intel/intel18/compilers_and_libraries_2018.0.128/linux/tbb/lib/intel64/gcc4.1/ -L/opt/ohpc/pub/intel/intel18/compilers_and_libraries_2018.0.128/linux/daal/lib/intel64_lin/ -L/opt/ohpc/pub/intel/intel18/compilers_and_libraries_2018.0.128/linux/tbb/lib/intel64_lin/gcc4.4/ -L/usr/local/lib/gcc/x86_64-pc-linux-gnu/8.2.0/../../../ -L/lib64 -L/lib/ -L/usr/lib64 -L/usr/lib -L/usr/lib/i386-linux-gnu CMakeFiles/cmTC_ed3de.dir/CMakeCCompilerABI.c.o -Bdynamic -Bstatic -limf -lsvml -lirng -Bdynamic -lm -Bstatic -lipgo -ldecimal --as-needed -Bdynamic -lcilkrts -lstdc++ --no-as-needed -lgcc -lgcc_s -Bstatic -lirc -lsvml -Bdynamic -lc -lgcc -lgcc_s -Bstatic -lirc_s -Bdynamic -ldl -lc /usr/local/lib/gcc/x86_64-pc-linux-gnu/8.2.0/crtend.o /lib/../lib64/crtn.o]
    arg [ld] ==> ignore
    arg [/lib/../lib64/crt1.o] ==> ignore
    arg [/lib/../lib64/crti.o] ==> ignore
    arg [/usr/local/lib/gcc/x86_64-pc-linux-gnu/8.2.0/crtbegin.o] ==> ignore
    arg [--eh-frame-hdr] ==> ignore
    arg [--build-id] ==> ignore
    arg [-dynamic-linker] ==> ignore
    arg [/lib64/ld-linux-x86-64.so.2] ==> ignore
    arg [-m] ==> ignore
    arg [elf_x86_64] ==> ignore
    arg [-o] ==> ignore
    arg [cmTC_ed3de] ==> ignore
    arg [-L/opt/ohpc/pub/intel/intel18/compilers_and_libraries_2018.0.128/linux/ipp/lib/intel64] ==> dir [/opt/ohpc/pub/intel/intel18/compilers_and_libraries_2018.0.128/linux/ipp/lib/intel64]
    arg [-L/opt/ohpc/pub/intel/intel18/compilers_and_libraries_2018.0.128/linux/compiler/lib/intel64_lin] ==> dir [/opt/ohpc/pub/intel/intel18/compilers_and_libraries_2018.0.128/linux/compiler/lib/intel64_lin]
    arg [-L/opt/ohpc/pub/intel/intel18/compilers_and_libraries_2018.0.128/linux/mkl/lib/intel64_lin] ==> dir [/opt/ohpc/pub/intel/intel18/compilers_and_libraries_2018.0.128/linux/mkl/lib/intel64_lin]
    arg [-L/opt/ohpc/pub/intel/intel18/compilers_and_libraries_2018.0.128/linux/tbb/lib/intel64/gcc4.1] ==> dir [/opt/ohpc/pub/intel/intel18/compilers_and_libraries_2018.0.128/linux/tbb/lib/intel64/gcc4.1]
    arg [-L/opt/ohpc/pub/intel/intel18/compilers_and_libraries_2018.0.128/linux/daal/lib/intel64_lin] ==> dir [/opt/ohpc/pub/intel/intel18/compilers_and_libraries_2018.0.128/linux/daal/lib/intel64_lin]
    arg [-L/opt/ohpc/pub/intel/intel18/compilers_and_libraries_2018.0.128/linux/tbb/lib/intel64_lin/gcc4.4] ==> dir [/opt/ohpc/pub/intel/intel18/compilers_and_libraries_2018.0.128/linux/tbb/lib/intel64_lin/gcc4.4]
    arg [-L/opt/ohpc/pub/intel/intel18/compilers_and_libraries_2018.0.128/linux/compiler/lib/intel64_lin] ==> dir [/opt/ohpc/pub/intel/intel18/compilers_and_libraries_2018.0.128/linux/compiler/lib/intel64_lin]
    arg [-L/usr/local/lib/gcc/x86_64-pc-linux-gnu/8.2.0/] ==> dir [/usr/local/lib/gcc/x86_64-pc-linux-gnu/8.2.0/]
    arg [-L/usr/local/lib/gcc/x86_64-pc-linux-gnu/8.2.0/../../../../lib64] ==> dir [/usr/local/lib/gcc/x86_64-pc-linux-gnu/8.2.0/../../../../lib64]
    arg [-L/usr/local/lib/gcc/x86_64-pc-linux-gnu/8.2.0/../../../../lib64/] ==> dir [/usr/local/lib/gcc/x86_64-pc-linux-gnu/8.2.0/../../../../lib64/]
    arg [-L/lib/../lib64] ==> dir [/lib/../lib64]
    arg [-L/lib/../lib64/] ==> dir [/lib/../lib64/]
    arg [-L/usr/lib/../lib64] ==> dir [/usr/lib/../lib64]
    arg [-L/usr/lib/../lib64/] ==> dir [/usr/lib/../lib64/]
    arg [-L/opt/ohpc/pub/intel/intel18/compilers_and_libraries_2018.0.128/linux/ipp/lib/intel64/] ==> dir [/opt/ohpc/pub/intel/intel18/compilers_and_libraries_2018.0.128/linux/ipp/lib/intel64/]
    arg [-L/opt/ohpc/pub/intel/intel18/compilers_and_libraries_2018.0.128/linux/compiler/lib/intel64_lin/] ==> dir [/opt/ohpc/pub/intel/intel18/compilers_and_libraries_2018.0.128/linux/compiler/lib/intel64_lin/]
    arg [-L/opt/ohpc/pub/intel/intel18/compilers_and_libraries_2018.0.128/linux/mkl/lib/intel64_lin/] ==> dir [/opt/ohpc/pub/intel/intel18/compilers_and_libraries_2018.0.128/linux/mkl/lib/intel64_lin/]
    arg [-L/opt/ohpc/pub/intel/intel18/compilers_and_libraries_2018.0.128/linux/tbb/lib/intel64/gcc4.1/] ==> dir [/opt/ohpc/pub/intel/intel18/compilers_and_libraries_2018.0.128/linux/tbb/lib/intel64/gcc4.1/]
    arg [-L/opt/ohpc/pub/intel/intel18/compilers_and_libraries_2018.0.128/linux/daal/lib/intel64_lin/] ==> dir [/opt/ohpc/pub/intel/intel18/compilers_and_libraries_2018.0.128/linux/daal/lib/intel64_lin/]
    arg [-L/opt/ohpc/pub/intel/intel18/compilers_and_libraries_2018.0.128/linux/tbb/lib/intel64_lin/gcc4.4/] ==> dir [/opt/ohpc/pub/intel/intel18/compilers_and_libraries_2018.0.128/linux/tbb/lib/intel64_lin/gcc4.4/]
    arg [-L/usr/local/lib/gcc/x86_64-pc-linux-gnu/8.2.0/../../../] ==> dir [/usr/local/lib/gcc/x86_64-pc-linux-gnu/8.2.0/../../../]
    arg [-L/lib64] ==> dir [/lib64]
    arg [-L/lib/] ==> dir [/lib/]
    arg [-L/usr/lib64] ==> dir [/usr/lib64]
    arg [-L/usr/lib] ==> dir [/usr/lib]
    arg [-L/usr/lib/i386-linux-gnu] ==> dir [/usr/lib/i386-linux-gnu]
    arg [CMakeFiles/cmTC_ed3de.dir/CMakeCCompilerABI.c.o] ==> ignore
    arg [-Bdynamic] ==> ignore
    arg [-Bstatic] ==> ignore
    arg [-limf] ==> lib [imf]
    arg [-lsvml] ==> lib [svml]
    arg [-lirng] ==> lib [irng]
    arg [-Bdynamic] ==> ignore
    arg [-lm] ==> lib [m]
    arg [-Bstatic] ==> ignore
    arg [-lipgo] ==> lib [ipgo]
    arg [-ldecimal] ==> lib [decimal]
    arg [--as-needed] ==> ignore
    arg [-Bdynamic] ==> ignore
    arg [-lcilkrts] ==> lib [cilkrts]
    arg [-lstdc++] ==> lib [stdc++]
    arg [--no-as-needed] ==> ignore
    arg [-lgcc] ==> lib [gcc]
    arg [-lgcc_s] ==> lib [gcc_s]
    arg [-Bstatic] ==> ignore
    arg [-lirc] ==> lib [irc]
    arg [-lsvml] ==> lib [svml]
    arg [-Bdynamic] ==> ignore
    arg [-lc] ==> lib [c]
    arg [-lgcc] ==> lib [gcc]
    arg [-lgcc_s] ==> lib [gcc_s]
    arg [-Bstatic] ==> ignore
    arg [-lirc_s] ==> lib [irc_s]
    arg [-Bdynamic] ==> ignore
    arg [-ldl] ==> lib [dl]
    arg [-lc] ==> lib [c]
    arg [/usr/local/lib/gcc/x86_64-pc-linux-gnu/8.2.0/crtend.o] ==> ignore
    arg [/lib/../lib64/crtn.o] ==> ignore
  collapse library dir [/opt/ohpc/pub/intel/intel18/compilers_and_libraries_2018.0.128/linux/ipp/lib/intel64] ==> [/opt/ohpc/pub/intel/intel18/compilers_and_libraries_2018.0.128/linux/ipp/lib/intel64]
  collapse library dir [/opt/ohpc/pub/intel/intel18/compilers_and_libraries_2018.0.128/linux/compiler/lib/intel64_lin] ==> [/opt/ohpc/pub/intel/intel18/compilers_and_libraries_2018.0.128/linux/compiler/lib/intel64_lin]
  collapse library dir [/opt/ohpc/pub/intel/intel18/compilers_and_libraries_2018.0.128/linux/mkl/lib/intel64_lin] ==> [/opt/ohpc/pub/intel/intel18/compilers_and_libraries_2018.0.128/linux/mkl/lib/intel64_lin]
  collapse library dir [/opt/ohpc/pub/intel/intel18/compilers_and_libraries_2018.0.128/linux/tbb/lib/intel64/gcc4.1] ==> [/opt/ohpc/pub/intel/intel18/compilers_and_libraries_2018.0.128/linux/tbb/lib/intel64/gcc4.1]
  collapse library dir [/opt/ohpc/pub/intel/intel18/compilers_and_libraries_2018.0.128/linux/daal/lib/intel64_lin] ==> [/opt/ohpc/pub/intel/intel18/compilers_and_libraries_2018.0.128/linux/daal/lib/intel64_lin]
  collapse library dir [/opt/ohpc/pub/intel/intel18/compilers_and_libraries_2018.0.128/linux/tbb/lib/intel64_lin/gcc4.4] ==> [/opt/ohpc/pub/intel/intel18/compilers_and_libraries_2018.0.128/linux/tbb/lib/intel64_lin/gcc4.4]
  collapse library dir [/opt/ohpc/pub/intel/intel18/compilers_and_libraries_2018.0.128/linux/compiler/lib/intel64_lin] ==> [/opt/ohpc/pub/intel/intel18/compilers_and_libraries_2018.0.128/linux/compiler/lib/intel64_lin]
  collapse library dir [/usr/local/lib/gcc/x86_64-pc-linux-gnu/8.2.0/] ==> [/usr/local/lib/gcc/x86_64-pc-linux-gnu/8.2.0]
  collapse library dir [/usr/local/lib/gcc/x86_64-pc-linux-gnu/8.2.0/../../../../lib64] ==> [/usr/local/lib64]
  collapse library dir [/usr/local/lib/gcc/x86_64-pc-linux-gnu/8.2.0/../../../../lib64/] ==> [/usr/local/lib64]
  collapse library dir [/lib/../lib64] ==> [/lib64]
  collapse library dir [/lib/../lib64/] ==> [/lib64]
  collapse library dir [/usr/lib/../lib64] ==> [/usr/lib64]
  collapse library dir [/usr/lib/../lib64/] ==> [/usr/lib64]
  collapse library dir [/opt/ohpc/pub/intel/intel18/compilers_and_libraries_2018.0.128/linux/ipp/lib/intel64/] ==> [/opt/ohpc/pub/intel/intel18/compilers_and_libraries_2018.0.128/linux/ipp/lib/intel64]
  collapse library dir [/opt/ohpc/pub/intel/intel18/compilers_and_libraries_2018.0.128/linux/compiler/lib/intel64_lin/] ==> [/opt/ohpc/pub/intel/intel18/compilers_and_libraries_2018.0.128/linux/compiler/lib/intel64_lin]
  collapse library dir [/opt/ohpc/pub/intel/intel18/compilers_and_libraries_2018.0.128/linux/mkl/lib/intel64_lin/] ==> [/opt/ohpc/pub/intel/intel18/compilers_and_libraries_2018.0.128/linux/mkl/lib/intel64_lin]
  collapse library dir [/opt/ohpc/pub/intel/intel18/compilers_and_libraries_2018.0.128/linux/tbb/lib/intel64/gcc4.1/] ==> [/opt/ohpc/pub/intel/intel18/compilers_and_libraries_2018.0.128/linux/tbb/lib/intel64/gcc4.1]
  collapse library dir [/opt/ohpc/pub/intel/intel18/compilers_and_libraries_2018.0.128/linux/daal/lib/intel64_lin/] ==> [/opt/ohpc/pub/intel/intel18/compilers_and_libraries_2018.0.128/linux/daal/lib/intel64_lin]
  collapse library dir [/opt/ohpc/pub/intel/intel18/compilers_and_libraries_2018.0.128/linux/tbb/lib/intel64_lin/gcc4.4/] ==> [/opt/ohpc/pub/intel/intel18/compilers_and_libraries_2018.0.128/linux/tbb/lib/intel64_lin/gcc4.4]
  collapse library dir [/usr/local/lib/gcc/x86_64-pc-linux-gnu/8.2.0/../../../] ==> [/usr/local/lib]
  collapse library dir [/lib64] ==> [/lib64]
  collapse library dir [/lib/] ==> [/lib]
  collapse library dir [/usr/lib64] ==> [/usr/lib64]
  collapse library dir [/usr/lib] ==> [/usr/lib]
  collapse library dir [/usr/lib/i386-linux-gnu] ==> [/usr/lib/i386-linux-gnu]
  implicit libs: [imf;svml;irng;m;ipgo;decimal;cilkrts;stdc++;gcc;gcc_s;irc;svml;c;gcc;gcc_s;irc_s;dl;c]
  implicit dirs: [/opt/ohpc/pub/intel/intel18/compilers_and_libraries_2018.0.128/linux/ipp/lib/intel64;/opt/ohpc/pub/intel/intel18/compilers_and_libraries_2018.0.128/linux/compiler/lib/intel64_lin;/opt/ohpc/pub/intel/intel18/compilers_and_libraries_2018.0.128/linux/mkl/lib/intel64_lin;/opt/ohpc/pub/intel/intel18/compilers_and_libraries_2018.0.128/linux/tbb/lib/intel64/gcc4.1;/opt/ohpc/pub/intel/intel18/compilers_and_libraries_2018.0.128/linux/daal/lib/intel64_lin;/opt/ohpc/pub/intel/intel18/compilers_and_libraries_2018.0.128/linux/tbb/lib/intel64_lin/gcc4.4;/usr/local/lib/gcc/x86_64-pc-linux-gnu/8.2.0;/usr/local/lib64;/lib64;/usr/lib64;/usr/local/lib;/lib;/usr/lib;/usr/lib/i386-linux-gnu]
  implicit fwks: []




Detecting C [-std=c11] compiler features compiled with the following output:
Change Dir: /home/wwen/Merged_Genarris/Fork_Version/cgenarris/build/CMakeFiles/CMakeTmp

Run Build Command:"/usr/bin/gmake" "cmTC_ce74b/fast"
/usr/bin/gmake -f CMakeFiles/cmTC_ce74b.dir/build.make CMakeFiles/cmTC_ce74b.dir/build
gmake[1]: Entering directory `/home/wwen/Merged_Genarris/Fork_Version/cgenarris/build/CMakeFiles/CMakeTmp'
Building C object CMakeFiles/cmTC_ce74b.dir/feature_tests.c.o
/opt/ohpc/pub/intel/intel18/compilers_and_libraries_2018.0.128/linux/bin/intel64/icc   -std=c11 -o CMakeFiles/cmTC_ce74b.dir/feature_tests.c.o   -c /home/wwen/Merged_Genarris/Fork_Version/cgenarris/build/CMakeFiles/feature_tests.c
Linking C executable cmTC_ce74b
/usr/bin/cmake3 -E cmake_link_script CMakeFiles/cmTC_ce74b.dir/link.txt --verbose=1
/opt/ohpc/pub/intel/intel18/compilers_and_libraries_2018.0.128/linux/bin/intel64/icc      CMakeFiles/cmTC_ce74b.dir/feature_tests.c.o  -o cmTC_ce74b 
gmake[1]: Leaving directory `/home/wwen/Merged_Genarris/Fork_Version/cgenarris/build/CMakeFiles/CMakeTmp'


    Feature record: C_FEATURE:1c_function_prototypes
    Feature record: C_FEATURE:1c_restrict
    Feature record: C_FEATURE:1c_static_assert
    Feature record: C_FEATURE:1c_variadic_macros


Detecting C [-std=c99] compiler features compiled with the following output:
Change Dir: /home/wwen/Merged_Genarris/Fork_Version/cgenarris/build/CMakeFiles/CMakeTmp

Run Build Command:"/usr/bin/gmake" "cmTC_51989/fast"
/usr/bin/gmake -f CMakeFiles/cmTC_51989.dir/build.make CMakeFiles/cmTC_51989.dir/build
gmake[1]: Entering directory `/home/wwen/Merged_Genarris/Fork_Version/cgenarris/build/CMakeFiles/CMakeTmp'
Building C object CMakeFiles/cmTC_51989.dir/feature_tests.c.o
/opt/ohpc/pub/intel/intel18/compilers_and_libraries_2018.0.128/linux/bin/intel64/icc   -std=c99 -o CMakeFiles/cmTC_51989.dir/feature_tests.c.o   -c /home/wwen/Merged_Genarris/Fork_Version/cgenarris/build/CMakeFiles/feature_tests.c
Linking C executable cmTC_51989
/usr/bin/cmake3 -E cmake_link_script CMakeFiles/cmTC_51989.dir/link.txt --verbose=1
/opt/ohpc/pub/intel/intel18/compilers_and_libraries_2018.0.128/linux/bin/intel64/icc      CMakeFiles/cmTC_51989.dir/feature_tests.c.o  -o cmTC_51989 
gmake[1]: Leaving directory `/home/wwen/Merged_Genarris/Fork_Version/cgenarris/build/CMakeFiles/CMakeTmp'


    Feature record: C_FEATURE:1c_function_prototypes
    Feature record: C_FEATURE:1c_restrict
    Feature record: C_FEATURE:1c_static_assert
    Feature record: C_FEATURE:1c_variadic_macros


Detecting C [-std=c89] compiler features compiled with the following output:
Change Dir: /home/wwen/Merged_Genarris/Fork_Version/cgenarris/build/CMakeFiles/CMakeTmp

Run Build Command:"/usr/bin/gmake" "cmTC_da1aa/fast"
/usr/bin/gmake -f CMakeFiles/cmTC_da1aa.dir/build.make CMakeFiles/cmTC_da1aa.dir/build
gmake[1]: Entering directory `/home/wwen/Merged_Genarris/Fork_Version/cgenarris/build/CMakeFiles/CMakeTmp'
Building C object CMakeFiles/cmTC_da1aa.dir/feature_tests.c.o
/opt/ohpc/pub/intel/intel18/compilers_and_libraries_2018.0.128/linux/bin/intel64/icc   -std=c89 -o CMakeFiles/cmTC_da1aa.dir/feature_tests.c.o   -c /home/wwen/Merged_Genarris/Fork_Version/cgenarris/build/CMakeFiles/feature_tests.c
Linking C executable cmTC_da1aa
/usr/bin/cmake3 -E cmake_link_script CMakeFiles/cmTC_da1aa.dir/link.txt --verbose=1
/opt/ohpc/pub/intel/intel18/compilers_and_libraries_2018.0.128/linux/bin/intel64/icc      CMakeFiles/cmTC_da1aa.dir/feature_tests.c.o  -o cmTC_da1aa 
gmake[1]: Leaving directory `/home/wwen/Merged_Genarris/Fork_Version/cgenarris/build/CMakeFiles/CMakeTmp'


    Feature record: C_FEATURE:1c_function_prototypes
    Feature record: C_FEATURE:0c_restrict
    Feature record: C_FEATURE:0c_static_assert
    Feature record: C_FEATURE:0c_variadic_macros
Determining if the CXX compiler works passed with the following output:
Change Dir: /home/wwen/Merged_Genarris/Fork_Version/cgenarris/build/CMakeFiles/CMakeTmp

Run Build Command:"/usr/bin/gmake" "cmTC_a5677/fast"
/usr/bin/gmake -f CMakeFiles/cmTC_a5677.dir/build.make CMakeFiles/cmTC_a5677.dir/build
gmake[1]: Entering directory `/home/wwen/Merged_Genarris/Fork_Version/cgenarris/build/CMakeFiles/CMakeTmp'
Building CXX object CMakeFiles/cmTC_a5677.dir/testCXXCompiler.cxx.o
/opt/ohpc/pub/intel/intel18/compilers_and_libraries_2018.3.222/linux/bin/intel64/icpc     -o CMakeFiles/cmTC_a5677.dir/testCXXCompiler.cxx.o -c /home/wwen/Merged_Genarris/Fork_Version/cgenarris/build/CMakeFiles/CMakeTmp/testCXXCompiler.cxx
Linking CXX executable cmTC_a5677
/usr/bin/cmake3 -E cmake_link_script CMakeFiles/cmTC_a5677.dir/link.txt --verbose=1
/opt/ohpc/pub/intel/intel18/compilers_and_libraries_2018.3.222/linux/bin/intel64/icpc       CMakeFiles/cmTC_a5677.dir/testCXXCompiler.cxx.o  -o cmTC_a5677 
gmake[1]: Leaving directory `/home/wwen/Merged_Genarris/Fork_Version/cgenarris/build/CMakeFiles/CMakeTmp'


Detecting CXX compiler ABI info compiled with the following output:
Change Dir: /home/wwen/Merged_Genarris/Fork_Version/cgenarris/build/CMakeFiles/CMakeTmp

Run Build Command:"/usr/bin/gmake" "cmTC_9e877/fast"
/usr/bin/gmake -f CMakeFiles/cmTC_9e877.dir/build.make CMakeFiles/cmTC_9e877.dir/build
gmake[1]: Entering directory `/home/wwen/Merged_Genarris/Fork_Version/cgenarris/build/CMakeFiles/CMakeTmp'
Building CXX object CMakeFiles/cmTC_9e877.dir/CMakeCXXCompilerABI.cpp.o
/opt/ohpc/pub/intel/intel18/compilers_and_libraries_2018.3.222/linux/bin/intel64/icpc     -o CMakeFiles/cmTC_9e877.dir/CMakeCXXCompilerABI.cpp.o -c /usr/share/cmake3/Modules/CMakeCXXCompilerABI.cpp
Linking CXX executable cmTC_9e877
/usr/bin/cmake3 -E cmake_link_script CMakeFiles/cmTC_9e877.dir/link.txt --verbose=1
/opt/ohpc/pub/intel/intel18/compilers_and_libraries_2018.3.222/linux/bin/intel64/icpc      -v CMakeFiles/cmTC_9e877.dir/CMakeCXXCompilerABI.cpp.o  -o cmTC_9e877 
icpc version 18.0.3 (gcc version 8.2.0 compatibility)
/opt/ohpc/pub/intel/intel18/compilers_and_libraries_2018.3.222/linux/bin/intel64/mcpcom    -mGLOB_em64t=TRUE -mP1OPT_version=18.0-intel64 -mGLOB_diag_file=CMakeFiles/cmTC_9e877.dir/CMakeCXXCompilerABI.cpp.diag -mGLOB_long_size_64 -mGLOB_routine_pointer_size_64 -mP1OPT_print_version=FALSE -mCG_use_gas_got_workaround=F -mP2OPT_align_option_used=TRUE -mGLOB_gcc_version=820 "-mGLOB_options_string=-v -o cmTC_9e877" -mGLOB_cxx_limited_range=FALSE -mCG_extend_parms=FALSE -mGLOB_compiler_bin_directory=/opt/ohpc/pub/intel/intel18/compilers_and_libraries_2018.3.222/linux/bin/intel64 -mGLOB_as_output_backup_file_name=/tmp/icpcneyu5oas_.s -mGLOB_dashboard_use_source_name -mIPOPT_activate -mGLOB_product_id_code=0x22006d8f -mP3OPT_use_mspp_call_convention -mP2OPT_subs_out_of_bound=FALSE -mP2OPT_disam_type_based_disam=2 -mP2OPT_disam_assume_ansi_c -mP2OPT_checked_disam_ansi_alias=TRUE -mGLOB_ansi_alias -mPGOPTI_value_profile_use=T -mGLOB_opt_report_use_source_name -mP2OPT_il0_array_sections=TRUE -mGLOB_offload_mode=1 -mP2OPT_offload_unique_var_string=icpc1367616871ku71Uz -mP2OPT_hlo -mP2OPT_hpo_rtt_control=0 -mIPOPT_args_in_regs=0 -mP2OPT_disam_assume_nonstd_intent_in=FALSE -mGLOB_imf_mapping_library=/opt/ohpc/pub/intel/intel18/compilers_and_libraries_2018.3.222/linux/bin/intel64/libiml_attr.so -mPGOPTI_gen_threadsafe_level=0 -mIPOPT_link -mIPOPT_ipo_activate -mIPOPT_mo_activate -mIPOPT_source_files_list=/tmp/icpcslisrpIeUS -mIPOPT_mo_global_data -mIPOPT_link_script_file=/tmp/icpcscriptUrZJXI "-mIPOPT_cmdline_link="/lib/../lib64/crt1.o" "/lib/../lib64/crti.o" "/usr/local/lib/gcc/x86_64-pc-linux-gnu/8.2.0/crtbegin.o" "--eh-frame-hdr" "--build-id" "-dynamic-linker" "/lib64/ld-linux-x86-64.so.2" "-m" "elf_x86_64" "-o" "cmTC_9e877" "-L/opt/ohpc/pub/intel/intel18/compilers_and_libraries_2018.0.128/linux/ipp/lib/intel64" "-L/opt/ohpc/pub/intel/intel18/compilers_and_libraries_2018.0.128/linux/compiler/lib/intel64_lin" "-L/opt/ohpc/pub/intel/intel18/compilers_and_libraries_2018.0.128/linux/mkl/lib/intel64_lin" "-L/opt/ohpc/pub/intel/intel18/compilers_and_libraries_2018.0.128/linux/tbb/lib/intel64/gcc4.1" "-L/opt/ohpc/pub/intel/intel18/compilers_and_libraries_2018.0.128/linux/daal/lib/intel64_lin" "-L/opt/ohpc/pub/intel/intel18/compilers_and_libraries_2018.0.128/linux/tbb/lib/intel64_lin/gcc4.4" "-L/opt/ohpc/pub/intel/intel18/compilers_and_libraries_2018.3.222/linux/compiler/lib/intel64_lin" "-L/usr/local/lib/gcc/x86_64-pc-linux-gnu/8.2.0/" "-L/usr/local/lib/gcc/x86_64-pc-linux-gnu/8.2.0/../../../../lib64" "-L/usr/local/lib/gcc/x86_64-pc-linux-gnu/8.2.0/../../../../lib64/" "-L/lib/../lib64" "-L/lib/../lib64/" "-L/usr/lib/../lib64" "-L/usr/lib/../lib64/" "-L/opt/ohpc/pub/intel/intel18/compilers_and_libraries_2018.0.128/linux/ipp/lib/intel64/" "-L/opt/ohpc/pub/intel/intel18/compilers_and_libraries_2018.0.128/linux/compiler/lib/intel64_lin/" "-L/opt/ohpc/pub/intel/intel18/compilers_and_libraries_2018.0.128/linux/mkl/lib/intel64_lin/" "-L/opt/ohpc/pub/intel/intel18/compilers_and_libraries_2018.0.128/linux/tbb/lib/intel64/gcc4.1/" "-L/opt/ohpc/pub/intel/intel18/compilers_and_libraries_2018.0.128/linux/daal/lib/intel64_lin/" "-L/opt/ohpc/pub/intel/intel18/compilers_and_libraries_2018.0.128/linux/tbb/lib/intel64_lin/gcc4.4/" "-L/usr/local/lib/gcc/x86_64-pc-linux-gnu/8.2.0/../../../" "-L/lib64" "-L/lib/" "-L/usr/lib64" "-L/usr/lib" "-L/usr/lib/i386-linux-gnu" "CMakeFiles/cmTC_9e877.dir/CMakeCXXCompilerABI.cpp.o" "-Bdynamic" "-Bstatic" "-limf" "-lsvml" "-lirng" "-Bdynamic" "-lstdc++" "-lm" "-Bstatic" "-lipgo" "-ldecimal" "--as-needed" "-Bdynamic" "-lcilkrts" "--no-as-needed" "-lstdc++" "-lgcc" "-lgcc_s" "-Bstatic" "-lirc" "-lsvml" "-Bdynamic" "-lc" "-lgcc" "-lgcc_s" "-Bstatic" "-lirc_s" "-Bdynamic" "-ldl" "-lc" "/usr/local/lib/gcc/x86_64-pc-linux-gnu/8.2.0/crtend.o" "/lib/../lib64/crtn.o"" -mIPOPT_il_in_obj -mIPOPT_ipo_activate_warn=FALSE -mIPOPT_obj_output_file_name=/tmp/ipo_icpcHLPnzQ.o -mIPOPT_whole_archive_fixup_file_name=/tmp/icpcwarchhMGPjV -mGLOB_linker_version=2.27 -mGLOB_driver_tempfile_name=/tmp/icpctempfileOXSepL -mP3OPT_asm_target=P3OPT_ASM_TARGET_GAS -mGLOB_async_unwind_tables=TRUE -mGLOB_obj_output_file=/tmp/ipo_icpcHLPnzQ.o -mGLOB_source_dialect=GLOB_SOURCE_DIALECT_NONE -mP1OPT_source_file_name=ipo_out.c CMakeFiles/cmTC_9e877.dir/CMakeCXXCompilerABI.cpp.o -mIPOPT_object_files=T -mIPOPT_assembly_files=/tmp/icpcalisFK1iGw -mIPOPT_generated_tempfiles=/tmp/icpceliskXoMJm -mIPOPT_embedded_object_base_name=/tmp/icpceobjmhWfNc -mIPOPT_cmdline_link_new_name=/tmp/icpclliswkYJQ2
ld    /lib/../lib64/crt1.o /lib/../lib64/crti.o /usr/local/lib/gcc/x86_64-pc-linux-gnu/8.2.0/crtbegin.o --eh-frame-hdr --build-id -dynamic-linker /lib64/ld-linux-x86-64.so.2 -m elf_x86_64 -o cmTC_9e877 -L/opt/ohpc/pub/intel/intel18/compilers_and_libraries_2018.0.128/linux/ipp/lib/intel64 -L/opt/ohpc/pub/intel/intel18/compilers_and_libraries_2018.0.128/linux/compiler/lib/intel64_lin -L/opt/ohpc/pub/intel/intel18/compilers_and_libraries_2018.0.128/linux/mkl/lib/intel64_lin -L/opt/ohpc/pub/intel/intel18/compilers_and_libraries_2018.0.128/linux/tbb/lib/intel64/gcc4.1 -L/opt/ohpc/pub/intel/intel18/compilers_and_libraries_2018.0.128/linux/daal/lib/intel64_lin -L/opt/ohpc/pub/intel/intel18/compilers_and_libraries_2018.0.128/linux/tbb/lib/intel64_lin/gcc4.4 -L/opt/ohpc/pub/intel/intel18/compilers_and_libraries_2018.3.222/linux/compiler/lib/intel64_lin -L/usr/local/lib/gcc/x86_64-pc-linux-gnu/8.2.0/ -L/usr/local/lib/gcc/x86_64-pc-linux-gnu/8.2.0/../../../../lib64 -L/usr/local/lib/gcc/x86_64-pc-linux-gnu/8.2.0/../../../../lib64/ -L/lib/../lib64 -L/lib/../lib64/ -L/usr/lib/../lib64 -L/usr/lib/../lib64/ -L/opt/ohpc/pub/intel/intel18/compilers_and_libraries_2018.0.128/linux/ipp/lib/intel64/ -L/opt/ohpc/pub/intel/intel18/compilers_and_libraries_2018.0.128/linux/compiler/lib/intel64_lin/ -L/opt/ohpc/pub/intel/intel18/compilers_and_libraries_2018.0.128/linux/mkl/lib/intel64_lin/ -L/opt/ohpc/pub/intel/intel18/compilers_and_libraries_2018.0.128/linux/tbb/lib/intel64/gcc4.1/ -L/opt/ohpc/pub/intel/intel18/compilers_and_libraries_2018.0.128/linux/daal/lib/intel64_lin/ -L/opt/ohpc/pub/intel/intel18/compilers_and_libraries_2018.0.128/linux/tbb/lib/intel64_lin/gcc4.4/ -L/usr/local/lib/gcc/x86_64-pc-linux-gnu/8.2.0/../../../ -L/lib64 -L/lib/ -L/usr/lib64 -L/usr/lib -L/usr/lib/i386-linux-gnu CMakeFiles/cmTC_9e877.dir/CMakeCXXCompilerABI.cpp.o -Bdynamic -Bstatic -limf -lsvml -lirng -Bdynamic -lstdc++ -lm -Bstatic -lipgo -ldecimal --as-needed -Bdynamic -lcilkrts --no-as-needed -lstdc++ -lgcc -lgcc_s -Bstatic -lirc -lsvml -Bdynamic -lc -lgcc -lgcc_s -Bstatic -lirc_s -Bdynamic -ldl -lc /usr/local/lib/gcc/x86_64-pc-linux-gnu/8.2.0/crtend.o /lib/../lib64/crtn.o
gmake[1]: Leaving directory `/home/wwen/Merged_Genarris/Fork_Version/cgenarris/build/CMakeFiles/CMakeTmp'


Parsed CXX implicit link information from above output:
  link line regex: [^( *|.*[/\])(ld|CMAKE_LINK_STARTFILE-NOTFOUND|([^/\]+-)?ld|collect2)[^/\]*( |$)]
  ignore line: [Change Dir: /home/wwen/Merged_Genarris/Fork_Version/cgenarris/build/CMakeFiles/CMakeTmp]
  ignore line: []
  ignore line: [Run Build Command:"/usr/bin/gmake" "cmTC_9e877/fast"]
  ignore line: [/usr/bin/gmake -f CMakeFiles/cmTC_9e877.dir/build.make CMakeFiles/cmTC_9e877.dir/build]
  ignore line: [gmake[1]: Entering directory `/home/wwen/Merged_Genarris/Fork_Version/cgenarris/build/CMakeFiles/CMakeTmp']
  ignore line: [Building CXX object CMakeFiles/cmTC_9e877.dir/CMakeCXXCompilerABI.cpp.o]
  ignore line: [/opt/ohpc/pub/intel/intel18/compilers_and_libraries_2018.3.222/linux/bin/intel64/icpc     -o CMakeFiles/cmTC_9e877.dir/CMakeCXXCompilerABI.cpp.o -c /usr/share/cmake3/Modules/CMakeCXXCompilerABI.cpp]
  ignore line: [Linking CXX executable cmTC_9e877]
  ignore line: [/usr/bin/cmake3 -E cmake_link_script CMakeFiles/cmTC_9e877.dir/link.txt --verbose=1]
  ignore line: [/opt/ohpc/pub/intel/intel18/compilers_and_libraries_2018.3.222/linux/bin/intel64/icpc      -v CMakeFiles/cmTC_9e877.dir/CMakeCXXCompilerABI.cpp.o  -o cmTC_9e877 ]
  ignore line: [icpc version 18.0.3 (gcc version 8.2.0 compatibility)]
  ignore line: [/opt/ohpc/pub/intel/intel18/compilers_and_libraries_2018.3.222/linux/bin/intel64/mcpcom    -mGLOB_em64t=TRUE -mP1OPT_version=18.0-intel64 -mGLOB_diag_file=CMakeFiles/cmTC_9e877.dir/CMakeCXXCompilerABI.cpp.diag -mGLOB_long_size_64 -mGLOB_routine_pointer_size_64 -mP1OPT_print_version=FALSE -mCG_use_gas_got_workaround=F -mP2OPT_align_option_used=TRUE -mGLOB_gcc_version=820 "-mGLOB_options_string=-v -o cmTC_9e877" -mGLOB_cxx_limited_range=FALSE -mCG_extend_parms=FALSE -mGLOB_compiler_bin_directory=/opt/ohpc/pub/intel/intel18/compilers_and_libraries_2018.3.222/linux/bin/intel64 -mGLOB_as_output_backup_file_name=/tmp/icpcneyu5oas_.s -mGLOB_dashboard_use_source_name -mIPOPT_activate -mGLOB_product_id_code=0x22006d8f -mP3OPT_use_mspp_call_convention -mP2OPT_subs_out_of_bound=FALSE -mP2OPT_disam_type_based_disam=2 -mP2OPT_disam_assume_ansi_c -mP2OPT_checked_disam_ansi_alias=TRUE -mGLOB_ansi_alias -mPGOPTI_value_profile_use=T -mGLOB_opt_report_use_source_name -mP2OPT_il0_array_sections=TRUE -mGLOB_offload_mode=1 -mP2OPT_offload_unique_var_string=icpc1367616871ku71Uz -mP2OPT_hlo -mP2OPT_hpo_rtt_control=0 -mIPOPT_args_in_regs=0 -mP2OPT_disam_assume_nonstd_intent_in=FALSE -mGLOB_imf_mapping_library=/opt/ohpc/pub/intel/intel18/compilers_and_libraries_2018.3.222/linux/bin/intel64/libiml_attr.so -mPGOPTI_gen_threadsafe_level=0 -mIPOPT_link -mIPOPT_ipo_activate -mIPOPT_mo_activate -mIPOPT_source_files_list=/tmp/icpcslisrpIeUS -mIPOPT_mo_global_data -mIPOPT_link_script_file=/tmp/icpcscriptUrZJXI "-mIPOPT_cmdline_link="/lib/../lib64/crt1.o" "/lib/../lib64/crti.o" "/usr/local/lib/gcc/x86_64-pc-linux-gnu/8.2.0/crtbegin.o" "--eh-frame-hdr" "--build-id" "-dynamic-linker" "/lib64/ld-linux-x86-64.so.2" "-m" "elf_x86_64" "-o" "cmTC_9e877" "-L/opt/ohpc/pub/intel/intel18/compilers_and_libraries_2018.0.128/linux/ipp/lib/intel64" "-L/opt/ohpc/pub/intel/intel18/compilers_and_libraries_2018.0.128/linux/compiler/lib/intel64_lin" "-L/opt/ohpc/pub/intel/intel18/compilers_and_libraries_2018.0.128/linux/mkl/lib/intel64_lin" "-L/opt/ohpc/pub/intel/intel18/compilers_and_libraries_2018.0.128/linux/tbb/lib/intel64/gcc4.1" "-L/opt/ohpc/pub/intel/intel18/compilers_and_libraries_2018.0.128/linux/daal/lib/intel64_lin" "-L/opt/ohpc/pub/intel/intel18/compilers_and_libraries_2018.0.128/linux/tbb/lib/intel64_lin/gcc4.4" "-L/opt/ohpc/pub/intel/intel18/compilers_and_libraries_2018.3.222/linux/compiler/lib/intel64_lin" "-L/usr/local/lib/gcc/x86_64-pc-linux-gnu/8.2.0/" "-L/usr/local/lib/gcc/x86_64-pc-linux-gnu/8.2.0/../../../../lib64" "-L/usr/local/lib/gcc/x86_64-pc-linux-gnu/8.2.0/../../../../lib64/" "-L/lib/../lib64" "-L/lib/../lib64/" "-L/usr/lib/../lib64" "-L/usr/lib/../lib64/" "-L/opt/ohpc/pub/intel/intel18/compilers_and_libraries_2018.0.128/linux/ipp/lib/intel64/" "-L/opt/ohpc/pub/intel/intel18/compilers_and_libraries_2018.0.128/linux/compiler/lib/intel64_lin/" "-L/opt/ohpc/pub/intel/intel18/compilers_and_libraries_2018.0.128/linux/mkl/lib/intel64_lin/" "-L/opt/ohpc/pub/intel/intel18/compilers_and_libraries_2018.0.128/linux/tbb/lib/intel64/gcc4.1/" "-L/opt/ohpc/pub/intel/intel18/compilers_and_libraries_2018.0.128/linux/daal/lib/intel64_lin/" "-L/opt/ohpc/pub/intel/intel18/compilers_and_libraries_2018.0.128/linux/tbb/lib/intel64_lin/gcc4.4/" "-L/usr/local/lib/gcc/x86_64-pc-linux-gnu/8.2.0/../../../" "-L/lib64" "-L/lib/" "-L/usr/lib64" "-L/usr/lib" "-L/usr/lib/i386-linux-gnu" "CMakeFiles/cmTC_9e877.dir/CMakeCXXCompilerABI.cpp.o" "-Bdynamic" "-Bstatic" "-limf" "-lsvml" "-lirng" "-Bdynamic" "-lstdc++" "-lm" "-Bstatic" "-lipgo" "-ldecimal" "--as-needed" "-Bdynamic" "-lcilkrts" "--no-as-needed" "-lstdc++" "-lgcc" "-lgcc_s" "-Bstatic" "-lirc" "-lsvml" "-Bdynamic" "-lc" "-lgcc" "-lgcc_s" "-Bstatic" "-lirc_s" "-Bdynamic" "-ldl" "-lc" "/usr/local/lib/gcc/x86_64-pc-linux-gnu/8.2.0/crtend.o" "/lib/../lib64/crtn.o"" -mIPOPT_il_in_obj -mIPOPT_ipo_activate_warn=FALSE -mIPOPT_obj_output_file_name=/tmp/ipo_icpcHLPnzQ.o -mIPOPT_whole_archive_fixup_file_name=/tmp/icpcwarchhMGPjV -mGLOB_linker_version=2.27 -mGLOB_driver_tempfile_name=/tmp/icpctempfileOXSepL -mP3OPT_asm_target=P3OPT_ASM_TARGET_GAS -mGLOB_async_unwind_tables=TRUE -mGLOB_obj_output_file=/tmp/ipo_icpcHLPnzQ.o -mGLOB_source_dialect=GLOB_SOURCE_DIALECT_NONE -mP1OPT_source_file_name=ipo_out.c CMakeFiles/cmTC_9e877.dir/CMakeCXXCompilerABI.cpp.o -mIPOPT_object_files=T -mIPOPT_assembly_files=/tmp/icpcalisFK1iGw -mIPOPT_generated_tempfiles=/tmp/icpceliskXoMJm -mIPOPT_embedded_object_base_name=/tmp/icpceobjmhWfNc -mIPOPT_cmdline_link_new_name=/tmp/icpclliswkYJQ2]
  link line: [ld    /lib/../lib64/crt1.o /lib/../lib64/crti.o /usr/local/lib/gcc/x86_64-pc-linux-gnu/8.2.0/crtbegin.o --eh-frame-hdr --build-id -dynamic-linker /lib64/ld-linux-x86-64.so.2 -m elf_x86_64 -o cmTC_9e877 -L/opt/ohpc/pub/intel/intel18/compilers_and_libraries_2018.0.128/linux/ipp/lib/intel64 -L/opt/ohpc/pub/intel/intel18/compilers_and_libraries_2018.0.128/linux/compiler/lib/intel64_lin -L/opt/ohpc/pub/intel/intel18/compilers_and_libraries_2018.0.128/linux/mkl/lib/intel64_lin -L/opt/ohpc/pub/intel/intel18/compilers_and_libraries_2018.0.128/linux/tbb/lib/intel64/gcc4.1 -L/opt/ohpc/pub/intel/intel18/compilers_and_libraries_2018.0.128/linux/daal/lib/intel64_lin -L/opt/ohpc/pub/intel/intel18/compilers_and_libraries_2018.0.128/linux/tbb/lib/intel64_lin/gcc4.4 -L/opt/ohpc/pub/intel/intel18/compilers_and_libraries_2018.3.222/linux/compiler/lib/intel64_lin -L/usr/local/lib/gcc/x86_64-pc-linux-gnu/8.2.0/ -L/usr/local/lib/gcc/x86_64-pc-linux-gnu/8.2.0/../../../../lib64 -L/usr/local/lib/gcc/x86_64-pc-linux-gnu/8.2.0/../../../../lib64/ -L/lib/../lib64 -L/lib/../lib64/ -L/usr/lib/../lib64 -L/usr/lib/../lib64/ -L/opt/ohpc/pub/intel/intel18/compilers_and_libraries_2018.0.128/linux/ipp/lib/intel64/ -L/opt/ohpc/pub/intel/intel18/compilers_and_libraries_2018.0.128/linux/compiler/lib/intel64_lin/ -L/opt/ohpc/pub/intel/intel18/compilers_and_libraries_2018.0.128/linux/mkl/lib/intel64_lin/ -L/opt/ohpc/pub/intel/intel18/compilers_and_libraries_2018.0.128/linux/tbb/lib/intel64/gcc4.1/ -L/opt/ohpc/pub/intel/intel18/compilers_and_libraries_2018.0.128/linux/daal/lib/intel64_lin/ -L/opt/ohpc/pub/intel/intel18/compilers_and_libraries_2018.0.128/linux/tbb/lib/intel64_lin/gcc4.4/ -L/usr/local/lib/gcc/x86_64-pc-linux-gnu/8.2.0/../../../ -L/lib64 -L/lib/ -L/usr/lib64 -L/usr/lib -L/usr/lib/i386-linux-gnu CMakeFiles/cmTC_9e877.dir/CMakeCXXCompilerABI.cpp.o -Bdynamic -Bstatic -limf -lsvml -lirng -Bdynamic -lstdc++ -lm -Bstatic -lipgo -ldecimal --as-needed -Bdynamic -lcilkrts --no-as-needed -lstdc++ -lgcc -lgcc_s -Bstatic -lirc -lsvml -Bdynamic -lc -lgcc -lgcc_s -Bstatic -lirc_s -Bdynamic -ldl -lc /usr/local/lib/gcc/x86_64-pc-linux-gnu/8.2.0/crtend.o /lib/../lib64/crtn.o]
    arg [ld] ==> ignore
    arg [/lib/../lib64/crt1.o] ==> ignore
    arg [/lib/../lib64/crti.o] ==> ignore
    arg [/usr/local/lib/gcc/x86_64-pc-linux-gnu/8.2.0/crtbegin.o] ==> ignore
    arg [--eh-frame-hdr] ==> ignore
    arg [--build-id] ==> ignore
    arg [-dynamic-linker] ==> ignore
    arg [/lib64/ld-linux-x86-64.so.2] ==> ignore
    arg [-m] ==> ignore
    arg [elf_x86_64] ==> ignore
    arg [-o] ==> ignore
    arg [cmTC_9e877] ==> ignore
    arg [-L/opt/ohpc/pub/intel/intel18/compilers_and_libraries_2018.0.128/linux/ipp/lib/intel64] ==> dir [/opt/ohpc/pub/intel/intel18/compilers_and_libraries_2018.0.128/linux/ipp/lib/intel64]
    arg [-L/opt/ohpc/pub/intel/intel18/compilers_and_libraries_2018.0.128/linux/compiler/lib/intel64_lin] ==> dir [/opt/ohpc/pub/intel/intel18/compilers_and_libraries_2018.0.128/linux/compiler/lib/intel64_lin]
    arg [-L/opt/ohpc/pub/intel/intel18/compilers_and_libraries_2018.0.128/linux/mkl/lib/intel64_lin] ==> dir [/opt/ohpc/pub/intel/intel18/compilers_and_libraries_2018.0.128/linux/mkl/lib/intel64_lin]
    arg [-L/opt/ohpc/pub/intel/intel18/compilers_and_libraries_2018.0.128/linux/tbb/lib/intel64/gcc4.1] ==> dir [/opt/ohpc/pub/intel/intel18/compilers_and_libraries_2018.0.128/linux/tbb/lib/intel64/gcc4.1]
    arg [-L/opt/ohpc/pub/intel/intel18/compilers_and_libraries_2018.0.128/linux/daal/lib/intel64_lin] ==> dir [/opt/ohpc/pub/intel/intel18/compilers_and_libraries_2018.0.128/linux/daal/lib/intel64_lin]
    arg [-L/opt/ohpc/pub/intel/intel18/compilers_and_libraries_2018.0.128/linux/tbb/lib/intel64_lin/gcc4.4] ==> dir [/opt/ohpc/pub/intel/intel18/compilers_and_libraries_2018.0.128/linux/tbb/lib/intel64_lin/gcc4.4]
    arg [-L/opt/ohpc/pub/intel/intel18/compilers_and_libraries_2018.3.222/linux/compiler/lib/intel64_lin] ==> dir [/opt/ohpc/pub/intel/intel18/compilers_and_libraries_2018.3.222/linux/compiler/lib/intel64_lin]
    arg [-L/usr/local/lib/gcc/x86_64-pc-linux-gnu/8.2.0/] ==> dir [/usr/local/lib/gcc/x86_64-pc-linux-gnu/8.2.0/]
    arg [-L/usr/local/lib/gcc/x86_64-pc-linux-gnu/8.2.0/../../../../lib64] ==> dir [/usr/local/lib/gcc/x86_64-pc-linux-gnu/8.2.0/../../../../lib64]
    arg [-L/usr/local/lib/gcc/x86_64-pc-linux-gnu/8.2.0/../../../../lib64/] ==> dir [/usr/local/lib/gcc/x86_64-pc-linux-gnu/8.2.0/../../../../lib64/]
    arg [-L/lib/../lib64] ==> dir [/lib/../lib64]
    arg [-L/lib/../lib64/] ==> dir [/lib/../lib64/]
    arg [-L/usr/lib/../lib64] ==> dir [/usr/lib/../lib64]
    arg [-L/usr/lib/../lib64/] ==> dir [/usr/lib/../lib64/]
    arg [-L/opt/ohpc/pub/intel/intel18/compilers_and_libraries_2018.0.128/linux/ipp/lib/intel64/] ==> dir [/opt/ohpc/pub/intel/intel18/compilers_and_libraries_2018.0.128/linux/ipp/lib/intel64/]
    arg [-L/opt/ohpc/pub/intel/intel18/compilers_and_libraries_2018.0.128/linux/compiler/lib/intel64_lin/] ==> dir [/opt/ohpc/pub/intel/intel18/compilers_and_libraries_2018.0.128/linux/compiler/lib/intel64_lin/]
    arg [-L/opt/ohpc/pub/intel/intel18/compilers_and_libraries_2018.0.128/linux/mkl/lib/intel64_lin/] ==> dir [/opt/ohpc/pub/intel/intel18/compilers_and_libraries_2018.0.128/linux/mkl/lib/intel64_lin/]
    arg [-L/opt/ohpc/pub/intel/intel18/compilers_and_libraries_2018.0.128/linux/tbb/lib/intel64/gcc4.1/] ==> dir [/opt/ohpc/pub/intel/intel18/compilers_and_libraries_2018.0.128/linux/tbb/lib/intel64/gcc4.1/]
    arg [-L/opt/ohpc/pub/intel/intel18/compilers_and_libraries_2018.0.128/linux/daal/lib/intel64_lin/] ==> dir [/opt/ohpc/pub/intel/intel18/compilers_and_libraries_2018.0.128/linux/daal/lib/intel64_lin/]
    arg [-L/opt/ohpc/pub/intel/intel18/compilers_and_libraries_2018.0.128/linux/tbb/lib/intel64_lin/gcc4.4/] ==> dir [/opt/ohpc/pub/intel/intel18/compilers_and_libraries_2018.0.128/linux/tbb/lib/intel64_lin/gcc4.4/]
    arg [-L/usr/local/lib/gcc/x86_64-pc-linux-gnu/8.2.0/../../../] ==> dir [/usr/local/lib/gcc/x86_64-pc-linux-gnu/8.2.0/../../../]
    arg [-L/lib64] ==> dir [/lib64]
    arg [-L/lib/] ==> dir [/lib/]
    arg [-L/usr/lib64] ==> dir [/usr/lib64]
    arg [-L/usr/lib] ==> dir [/usr/lib]
    arg [-L/usr/lib/i386-linux-gnu] ==> dir [/usr/lib/i386-linux-gnu]
    arg [CMakeFiles/cmTC_9e877.dir/CMakeCXXCompilerABI.cpp.o] ==> ignore
    arg [-Bdynamic] ==> ignore
    arg [-Bstatic] ==> ignore
    arg [-limf] ==> lib [imf]
    arg [-lsvml] ==> lib [svml]
    arg [-lirng] ==> lib [irng]
    arg [-Bdynamic] ==> ignore
    arg [-lstdc++] ==> lib [stdc++]
    arg [-lm] ==> lib [m]
    arg [-Bstatic] ==> ignore
    arg [-lipgo] ==> lib [ipgo]
    arg [-ldecimal] ==> lib [decimal]
    arg [--as-needed] ==> ignore
    arg [-Bdynamic] ==> ignore
    arg [-lcilkrts] ==> lib [cilkrts]
    arg [--no-as-needed] ==> ignore
    arg [-lstdc++] ==> lib [stdc++]
    arg [-lgcc] ==> lib [gcc]
    arg [-lgcc_s] ==> lib [gcc_s]
    arg [-Bstatic] ==> ignore
    arg [-lirc] ==> lib [irc]
    arg [-lsvml] ==> lib [svml]
    arg [-Bdynamic] ==> ignore
    arg [-lc] ==> lib [c]
    arg [-lgcc] ==> lib [gcc]
    arg [-lgcc_s] ==> lib [gcc_s]
    arg [-Bstatic] ==> ignore
    arg [-lirc_s] ==> lib [irc_s]
    arg [-Bdynamic] ==> ignore
    arg [-ldl] ==> lib [dl]
    arg [-lc] ==> lib [c]
    arg [/usr/local/lib/gcc/x86_64-pc-linux-gnu/8.2.0/crtend.o] ==> ignore
    arg [/lib/../lib64/crtn.o] ==> ignore
  collapse library dir [/opt/ohpc/pub/intel/intel18/compilers_and_libraries_2018.0.128/linux/ipp/lib/intel64] ==> [/opt/ohpc/pub/intel/intel18/compilers_and_libraries_2018.0.128/linux/ipp/lib/intel64]
  collapse library dir [/opt/ohpc/pub/intel/intel18/compilers_and_libraries_2018.0.128/linux/compiler/lib/intel64_lin] ==> [/opt/ohpc/pub/intel/intel18/compilers_and_libraries_2018.0.128/linux/compiler/lib/intel64_lin]
  collapse library dir [/opt/ohpc/pub/intel/intel18/compilers_and_libraries_2018.0.128/linux/mkl/lib/intel64_lin] ==> [/opt/ohpc/pub/intel/intel18/compilers_and_libraries_2018.0.128/linux/mkl/lib/intel64_lin]
  collapse library dir [/opt/ohpc/pub/intel/intel18/compilers_and_libraries_2018.0.128/linux/tbb/lib/intel64/gcc4.1] ==> [/opt/ohpc/pub/intel/intel18/compilers_and_libraries_2018.0.128/linux/tbb/lib/intel64/gcc4.1]
  collapse library dir [/opt/ohpc/pub/intel/intel18/compilers_and_libraries_2018.0.128/linux/daal/lib/intel64_lin] ==> [/opt/ohpc/pub/intel/intel18/compilers_and_libraries_2018.0.128/linux/daal/lib/intel64_lin]
  collapse library dir [/opt/ohpc/pub/intel/intel18/compilers_and_libraries_2018.0.128/linux/tbb/lib/intel64_lin/gcc4.4] ==> [/opt/ohpc/pub/intel/intel18/compilers_and_libraries_2018.0.128/linux/tbb/lib/intel64_lin/gcc4.4]
  collapse library dir [/opt/ohpc/pub/intel/intel18/compilers_and_libraries_2018.3.222/linux/compiler/lib/intel64_lin] ==> [/opt/ohpc/pub/intel/intel18/compilers_and_libraries_2018.3.222/linux/compiler/lib/intel64_lin]
  collapse library dir [/usr/local/lib/gcc/x86_64-pc-linux-gnu/8.2.0/] ==> [/usr/local/lib/gcc/x86_64-pc-linux-gnu/8.2.0]
  collapse library dir [/usr/local/lib/gcc/x86_64-pc-linux-gnu/8.2.0/../../../../lib64] ==> [/usr/local/lib64]
  collapse library dir [/usr/local/lib/gcc/x86_64-pc-linux-gnu/8.2.0/../../../../lib64/] ==> [/usr/local/lib64]
  collapse library dir [/lib/../lib64] ==> [/lib64]
  collapse library dir [/lib/../lib64/] ==> [/lib64]
  collapse library dir [/usr/lib/../lib64] ==> [/usr/lib64]
  collapse library dir [/usr/lib/../lib64/] ==> [/usr/lib64]
  collapse library dir [/opt/ohpc/pub/intel/intel18/compilers_and_libraries_2018.0.128/linux/ipp/lib/intel64/] ==> [/opt/ohpc/pub/intel/intel18/compilers_and_libraries_2018.0.128/linux/ipp/lib/intel64]
  collapse library dir [/opt/ohpc/pub/intel/intel18/compilers_and_libraries_2018.0.128/linux/compiler/lib/intel64_lin/] ==> [/opt/ohpc/pub/intel/intel18/compilers_and_libraries_2018.0.128/linux/compiler/lib/intel64_lin]
  collapse library dir [/opt/ohpc/pub/intel/intel18/compilers_and_libraries_2018.0.128/linux/mkl/lib/intel64_lin/] ==> [/opt/ohpc/pub/intel/intel18/compilers_and_libraries_2018.0.128/linux/mkl/lib/intel64_lin]
  collapse library dir [/opt/ohpc/pub/intel/intel18/compilers_and_libraries_2018.0.128/linux/tbb/lib/intel64/gcc4.1/] ==> [/opt/ohpc/pub/intel/intel18/compilers_and_libraries_2018.0.128/linux/tbb/lib/intel64/gcc4.1]
  collapse library dir [/opt/ohpc/pub/intel/intel18/compilers_and_libraries_2018.0.128/linux/daal/lib/intel64_lin/] ==> [/opt/ohpc/pub/intel/intel18/compilers_and_libraries_2018.0.128/linux/daal/lib/intel64_lin]
  collapse library dir [/opt/ohpc/pub/intel/intel18/compilers_and_libraries_2018.0.128/linux/tbb/lib/intel64_lin/gcc4.4/] ==> [/opt/ohpc/pub/intel/intel18/compilers_and_libraries_2018.0.128/linux/tbb/lib/intel64_lin/gcc4.4]
  collapse library dir [/usr/local/lib/gcc/x86_64-pc-linux-gnu/8.2.0/../../../] ==> [/usr/local/lib]
  collapse library dir [/lib64] ==> [/lib64]
  collapse library dir [/lib/] ==> [/lib]
  collapse library dir [/usr/lib64] ==> [/usr/lib64]
  collapse library dir [/usr/lib] ==> [/usr/lib]
  collapse library dir [/usr/lib/i386-linux-gnu] ==> [/usr/lib/i386-linux-gnu]
  implicit libs: [imf;svml;irng;stdc++;m;ipgo;decimal;cilkrts;stdc++;gcc;gcc_s;irc;svml;c;gcc;gcc_s;irc_s;dl;c]
  implicit dirs: [/opt/ohpc/pub/intel/intel18/compilers_and_libraries_2018.0.128/linux/ipp/lib/intel64;/opt/ohpc/pub/intel/intel18/compilers_and_libraries_2018.0.128/linux/compiler/lib/intel64_lin;/opt/ohpc/pub/intel/intel18/compilers_and_libraries_2018.0.128/linux/mkl/lib/intel64_lin;/opt/ohpc/pub/intel/intel18/compilers_and_libraries_2018.0.128/linux/tbb/lib/intel64/gcc4.1;/opt/ohpc/pub/intel/intel18/compilers_and_libraries_2018.0.128/linux/daal/lib/intel64_lin;/opt/ohpc/pub/intel/intel18/compilers_and_libraries_2018.0.128/linux/tbb/lib/intel64_lin/gcc4.4;/opt/ohpc/pub/intel/intel18/compilers_and_libraries_2018.3.222/linux/compiler/lib/intel64_lin;/usr/local/lib/gcc/x86_64-pc-linux-gnu/8.2.0;/usr/local/lib64;/lib64;/usr/lib64;/usr/local/lib;/lib;/usr/lib;/usr/lib/i386-linux-gnu]
  implicit fwks: []




Detecting CXX [-std=c++17] compiler features compiled with the following output:
Change Dir: /home/wwen/Merged_Genarris/Fork_Version/cgenarris/build/CMakeFiles/CMakeTmp

Run Build Command:"/usr/bin/gmake" "cmTC_b2a5c/fast"
/usr/bin/gmake -f CMakeFiles/cmTC_b2a5c.dir/build.make CMakeFiles/cmTC_b2a5c.dir/build
gmake[1]: Entering directory `/home/wwen/Merged_Genarris/Fork_Version/cgenarris/build/CMakeFiles/CMakeTmp'
Building CXX object CMakeFiles/cmTC_b2a5c.dir/feature_tests.cxx.o
/opt/ohpc/pub/intel/intel18/compilers_and_libraries_2018.3.222/linux/bin/intel64/icpc    -std=c++17 -o CMakeFiles/cmTC_b2a5c.dir/feature_tests.cxx.o -c /home/wwen/Merged_Genarris/Fork_Version/cgenarris/build/CMakeFiles/feature_tests.cxx
Linking CXX executable cmTC_b2a5c
/usr/bin/cmake3 -E cmake_link_script CMakeFiles/cmTC_b2a5c.dir/link.txt --verbose=1
/opt/ohpc/pub/intel/intel18/compilers_and_libraries_2018.3.222/linux/bin/intel64/icpc       CMakeFiles/cmTC_b2a5c.dir/feature_tests.cxx.o  -o cmTC_b2a5c 
gmake[1]: Leaving directory `/home/wwen/Merged_Genarris/Fork_Version/cgenarris/build/CMakeFiles/CMakeTmp'


    Feature record: CXX_FEATURE:1cxx_aggregate_default_initializers
    Feature record: CXX_FEATURE:1cxx_alias_templates
    Feature record: CXX_FEATURE:1cxx_alignas
    Feature record: CXX_FEATURE:1cxx_alignof
    Feature record: CXX_FEATURE:1cxx_attributes
    Feature record: CXX_FEATURE:1cxx_attribute_deprecated
    Feature record: CXX_FEATURE:1cxx_auto_type
    Feature record: CXX_FEATURE:1cxx_binary_literals
    Feature record: CXX_FEATURE:1cxx_constexpr
    Feature record: CXX_FEATURE:1cxx_contextual_conversions
    Feature record: CXX_FEATURE:1cxx_decltype
    Feature record: CXX_FEATURE:1cxx_decltype_auto
    Feature record: CXX_FEATURE:1cxx_decltype_incomplete_return_types
    Feature record: CXX_FEATURE:1cxx_default_function_template_args
    Feature record: CXX_FEATURE:1cxx_defaulted_functions
    Feature record: CXX_FEATURE:1cxx_defaulted_move_initializers
    Feature record: CXX_FEATURE:1cxx_delegating_constructors
    Feature record: CXX_FEATURE:1cxx_deleted_functions
    Feature record: CXX_FEATURE:1cxx_digit_separators
    Feature record: CXX_FEATURE:1cxx_enum_forward_declarations
    Feature record: CXX_FEATURE:1cxx_explicit_conversions
    Feature record: CXX_FEATURE:1cxx_extended_friend_declarations
    Feature record: CXX_FEATURE:1cxx_extern_templates
    Feature record: CXX_FEATURE:1cxx_final
    Feature record: CXX_FEATURE:1cxx_func_identifier
    Feature record: CXX_FEATURE:1cxx_generalized_initializers
    Feature record: CXX_FEATURE:1cxx_generic_lambdas
    Feature record: CXX_FEATURE:1cxx_inheriting_constructors
    Feature record: CXX_FEATURE:1cxx_inline_namespaces
    Feature record: CXX_FEATURE:1cxx_lambdas
    Feature record: CXX_FEATURE:1cxx_lambda_init_captures
    Feature record: CXX_FEATURE:1cxx_local_type_template_args
    Feature record: CXX_FEATURE:1cxx_long_long_type
    Feature record: CXX_FEATURE:1cxx_noexcept
    Feature record: CXX_FEATURE:1cxx_nonstatic_member_init
    Feature record: CXX_FEATURE:1cxx_nullptr
    Feature record: CXX_FEATURE:1cxx_override
    Feature record: CXX_FEATURE:1cxx_range_for
    Feature record: CXX_FEATURE:1cxx_raw_string_literals
    Feature record: CXX_FEATURE:1cxx_reference_qualified_functions
    Feature record: CXX_FEATURE:1cxx_relaxed_constexpr
    Feature record: CXX_FEATURE:1cxx_return_type_deduction
    Feature record: CXX_FEATURE:1cxx_right_angle_brackets
    Feature record: CXX_FEATURE:1cxx_rvalue_references
    Feature record: CXX_FEATURE:1cxx_sizeof_member
    Feature record: CXX_FEATURE:1cxx_static_assert
    Feature record: CXX_FEATURE:1cxx_strong_enums
    Feature record: CXX_FEATURE:1cxx_template_template_parameters
    Feature record: CXX_FEATURE:1cxx_thread_local
    Feature record: CXX_FEATURE:1cxx_trailing_return_types
    Feature record: CXX_FEATURE:1cxx_unicode_literals
    Feature record: CXX_FEATURE:1cxx_uniform_initialization
    Feature record: CXX_FEATURE:1cxx_unrestricted_unions
    Feature record: CXX_FEATURE:1cxx_user_literals
    Feature record: CXX_FEATURE:1cxx_variable_templates
    Feature record: CXX_FEATURE:1cxx_variadic_macros
    Feature record: CXX_FEATURE:1cxx_variadic_templates


Detecting CXX [-std=c++14] compiler features compiled with the following output:
Change Dir: /home/wwen/Merged_Genarris/Fork_Version/cgenarris/build/CMakeFiles/CMakeTmp

Run Build Command:"/usr/bin/gmake" "cmTC_72f2c/fast"
/usr/bin/gmake -f CMakeFiles/cmTC_72f2c.dir/build.make CMakeFiles/cmTC_72f2c.dir/build
gmake[1]: Entering directory `/home/wwen/Merged_Genarris/Fork_Version/cgenarris/build/CMakeFiles/CMakeTmp'
Building CXX object CMakeFiles/cmTC_72f2c.dir/feature_tests.cxx.o
/opt/ohpc/pub/intel/intel18/compilers_and_libraries_2018.3.222/linux/bin/intel64/icpc    -std=c++14 -o CMakeFiles/cmTC_72f2c.dir/feature_tests.cxx.o -c /home/wwen/Merged_Genarris/Fork_Version/cgenarris/build/CMakeFiles/feature_tests.cxx
Linking CXX executable cmTC_72f2c
/usr/bin/cmake3 -E cmake_link_script CMakeFiles/cmTC_72f2c.dir/link.txt --verbose=1
/opt/ohpc/pub/intel/intel18/compilers_and_libraries_2018.3.222/linux/bin/intel64/icpc       CMakeFiles/cmTC_72f2c.dir/feature_tests.cxx.o  -o cmTC_72f2c 
gmake[1]: Leaving directory `/home/wwen/Merged_Genarris/Fork_Version/cgenarris/build/CMakeFiles/CMakeTmp'


    Feature record: CXX_FEATURE:1cxx_aggregate_default_initializers
    Feature record: CXX_FEATURE:1cxx_alias_templates
    Feature record: CXX_FEATURE:1cxx_alignas
    Feature record: CXX_FEATURE:1cxx_alignof
    Feature record: CXX_FEATURE:1cxx_attributes
    Feature record: CXX_FEATURE:1cxx_attribute_deprecated
    Feature record: CXX_FEATURE:1cxx_auto_type
    Feature record: CXX_FEATURE:1cxx_binary_literals
    Feature record: CXX_FEATURE:1cxx_constexpr
    Feature record: CXX_FEATURE:1cxx_contextual_conversions
    Feature record: CXX_FEATURE:1cxx_decltype
    Feature record: CXX_FEATURE:1cxx_decltype_auto
    Feature record: CXX_FEATURE:1cxx_decltype_incomplete_return_types
    Feature record: CXX_FEATURE:1cxx_default_function_template_args
    Feature record: CXX_FEATURE:1cxx_defaulted_functions
    Feature record: CXX_FEATURE:1cxx_defaulted_move_initializers
    Feature record: CXX_FEATURE:1cxx_delegating_constructors
    Feature record: CXX_FEATURE:1cxx_deleted_functions
    Feature record: CXX_FEATURE:1cxx_digit_separators
    Feature record: CXX_FEATURE:1cxx_enum_forward_declarations
    Feature record: CXX_FEATURE:1cxx_explicit_conversions
    Feature record: CXX_FEATURE:1cxx_extended_friend_declarations
    Feature record: CXX_FEATURE:1cxx_extern_templates
    Feature record: CXX_FEATURE:1cxx_final
    Feature record: CXX_FEATURE:1cxx_func_identifier
    Feature record: CXX_FEATURE:1cxx_generalized_initializers
    Feature record: CXX_FEATURE:1cxx_generic_lambdas
    Feature record: CXX_FEATURE:1cxx_inheriting_constructors
    Feature record: CXX_FEATURE:1cxx_inline_namespaces
    Feature record: CXX_FEATURE:1cxx_lambdas
    Feature record: CXX_FEATURE:1cxx_lambda_init_captures
    Feature record: CXX_FEATURE:1cxx_local_type_template_args
    Feature record: CXX_FEATURE:1cxx_long_long_type
    Feature record: CXX_FEATURE:1cxx_noexcept
    Feature record: CXX_FEATURE:1cxx_nonstatic_member_init
    Feature record: CXX_FEATURE:1cxx_nullptr
    Feature record: CXX_FEATURE:1cxx_override
    Feature record: CXX_FEATURE:1cxx_range_for
    Feature record: CXX_FEATURE:1cxx_raw_string_literals
    Feature record: CXX_FEATURE:1cxx_reference_qualified_functions
    Feature record: CXX_FEATURE:1cxx_relaxed_constexpr
    Feature record: CXX_FEATURE:1cxx_return_type_deduction
    Feature record: CXX_FEATURE:1cxx_right_angle_brackets
    Feature record: CXX_FEATURE:1cxx_rvalue_references
    Feature record: CXX_FEATURE:1cxx_sizeof_member
    Feature record: CXX_FEATURE:1cxx_static_assert
    Feature record: CXX_FEATURE:1cxx_strong_enums
    Feature record: CXX_FEATURE:1cxx_template_template_parameters
    Feature record: CXX_FEATURE:1cxx_thread_local
    Feature record: CXX_FEATURE:1cxx_trailing_return_types
    Feature record: CXX_FEATURE:1cxx_unicode_literals
    Feature record: CXX_FEATURE:1cxx_uniform_initialization
    Feature record: CXX_FEATURE:1cxx_unrestricted_unions
    Feature record: CXX_FEATURE:1cxx_user_literals
    Feature record: CXX_FEATURE:1cxx_variable_templates
    Feature record: CXX_FEATURE:1cxx_variadic_macros
    Feature record: CXX_FEATURE:1cxx_variadic_templates


Detecting CXX [-std=c++11] compiler features compiled with the following output:
Change Dir: /home/wwen/Merged_Genarris/Fork_Version/cgenarris/build/CMakeFiles/CMakeTmp

Run Build Command:"/usr/bin/gmake" "cmTC_64e3f/fast"
/usr/bin/gmake -f CMakeFiles/cmTC_64e3f.dir/build.make CMakeFiles/cmTC_64e3f.dir/build
gmake[1]: Entering directory `/home/wwen/Merged_Genarris/Fork_Version/cgenarris/build/CMakeFiles/CMakeTmp'
Building CXX object CMakeFiles/cmTC_64e3f.dir/feature_tests.cxx.o
/opt/ohpc/pub/intel/intel18/compilers_and_libraries_2018.3.222/linux/bin/intel64/icpc    -std=c++11 -o CMakeFiles/cmTC_64e3f.dir/feature_tests.cxx.o -c /home/wwen/Merged_Genarris/Fork_Version/cgenarris/build/CMakeFiles/feature_tests.cxx
Linking CXX executable cmTC_64e3f
/usr/bin/cmake3 -E cmake_link_script CMakeFiles/cmTC_64e3f.dir/link.txt --verbose=1
/opt/ohpc/pub/intel/intel18/compilers_and_libraries_2018.3.222/linux/bin/intel64/icpc       CMakeFiles/cmTC_64e3f.dir/feature_tests.cxx.o  -o cmTC_64e3f 
gmake[1]: Leaving directory `/home/wwen/Merged_Genarris/Fork_Version/cgenarris/build/CMakeFiles/CMakeTmp'


    Feature record: CXX_FEATURE:0cxx_aggregate_default_initializers
    Feature record: CXX_FEATURE:1cxx_alias_templates
    Feature record: CXX_FEATURE:1cxx_alignas
    Feature record: CXX_FEATURE:1cxx_alignof
    Feature record: CXX_FEATURE:1cxx_attributes
    Feature record: CXX_FEATURE:0cxx_attribute_deprecated
    Feature record: CXX_FEATURE:1cxx_auto_type
    Feature record: CXX_FEATURE:1cxx_binary_literals
    Feature record: CXX_FEATURE:1cxx_constexpr
    Feature record: CXX_FEATURE:0cxx_contextual_conversions
    Feature record: CXX_FEATURE:1cxx_decltype
    Feature record: CXX_FEATURE:0cxx_decltype_auto
    Feature record: CXX_FEATURE:1cxx_decltype_incomplete_return_types
    Feature record: CXX_FEATURE:1cxx_default_function_template_args
    Feature record: CXX_FEATURE:1cxx_defaulted_functions
    Feature record: CXX_FEATURE:1cxx_defaulted_move_initializers
    Feature record: CXX_FEATURE:1cxx_delegating_constructors
    Feature record: CXX_FEATURE:1cxx_deleted_functions
    Feature record: CXX_FEATURE:0cxx_digit_separators
    Feature record: CXX_FEATURE:1cxx_enum_forward_declarations
    Feature record: CXX_FEATURE:1cxx_explicit_conversions
    Feature record: CXX_FEATURE:1cxx_extended_friend_declarations
    Feature record: CXX_FEATURE:1cxx_extern_templates
    Feature record: CXX_FEATURE:1cxx_final
    Feature record: CXX_FEATURE:1cxx_func_identifier
    Feature record: CXX_FEATURE:1cxx_generalized_initializers
    Feature record: CXX_FEATURE:0cxx_generic_lambdas
    Feature record: CXX_FEATURE:1cxx_inheriting_constructors
    Feature record: CXX_FEATURE:1cxx_inline_namespaces
    Feature record: CXX_FEATURE:1cxx_lambdas
    Feature record: CXX_FEATURE:0cxx_lambda_init_captures
    Feature record: CXX_FEATURE:1cxx_local_type_template_args
    Feature record: CXX_FEATURE:1cxx_long_long_type
    Feature record: CXX_FEATURE:1cxx_noexcept
    Feature record: CXX_FEATURE:1cxx_nonstatic_member_init
    Feature record: CXX_FEATURE:1cxx_nullptr
    Feature record: CXX_FEATURE:1cxx_override
    Feature record: CXX_FEATURE:1cxx_range_for
    Feature record: CXX_FEATURE:1cxx_raw_string_literals
    Feature record: CXX_FEATURE:1cxx_reference_qualified_functions
    Feature record: CXX_FEATURE:0cxx_relaxed_constexpr
    Feature record: CXX_FEATURE:0cxx_return_type_deduction
    Feature record: CXX_FEATURE:1cxx_right_angle_brackets
    Feature record: CXX_FEATURE:1cxx_rvalue_references
    Feature record: CXX_FEATURE:1cxx_sizeof_member
    Feature record: CXX_FEATURE:1cxx_static_assert
    Feature record: CXX_FEATURE:1cxx_strong_enums
    Feature record: CXX_FEATURE:1cxx_template_template_parameters
    Feature record: CXX_FEATURE:1cxx_thread_local
    Feature record: CXX_FEATURE:1cxx_trailing_return_types
    Feature record: CXX_FEATURE:1cxx_unicode_literals
    Feature record: CXX_FEATURE:1cxx_uniform_initialization
    Feature record: CXX_FEATURE:1cxx_unrestricted_unions
    Feature record: CXX_FEATURE:1cxx_user_literals
    Feature record: CXX_FEATURE:0cxx_variable_templates
    Feature record: CXX_FEATURE:1cxx_variadic_macros
    Feature record: CXX_FEATURE:1cxx_variadic_templates


Detecting CXX [-std=c++98] compiler features compiled with the following output:
Change Dir: /home/wwen/Merged_Genarris/Fork_Version/cgenarris/build/CMakeFiles/CMakeTmp

Run Build Command:"/usr/bin/gmake" "cmTC_7fd27/fast"
/usr/bin/gmake -f CMakeFiles/cmTC_7fd27.dir/build.make CMakeFiles/cmTC_7fd27.dir/build
gmake[1]: Entering directory `/home/wwen/Merged_Genarris/Fork_Version/cgenarris/build/CMakeFiles/CMakeTmp'
Building CXX object CMakeFiles/cmTC_7fd27.dir/feature_tests.cxx.o
/opt/ohpc/pub/intel/intel18/compilers_and_libraries_2018.3.222/linux/bin/intel64/icpc    -std=c++98 -o CMakeFiles/cmTC_7fd27.dir/feature_tests.cxx.o -c /home/wwen/Merged_Genarris/Fork_Version/cgenarris/build/CMakeFiles/feature_tests.cxx
Linking CXX executable cmTC_7fd27
/usr/bin/cmake3 -E cmake_link_script CMakeFiles/cmTC_7fd27.dir/link.txt --verbose=1
/opt/ohpc/pub/intel/intel18/compilers_and_libraries_2018.3.222/linux/bin/intel64/icpc       CMakeFiles/cmTC_7fd27.dir/feature_tests.cxx.o  -o cmTC_7fd27 
gmake[1]: Leaving directory `/home/wwen/Merged_Genarris/Fork_Version/cgenarris/build/CMakeFiles/CMakeTmp'


    Feature record: CXX_FEATURE:0cxx_aggregate_default_initializers
    Feature record: CXX_FEATURE:0cxx_alias_templates
    Feature record: CXX_FEATURE:0cxx_alignas
    Feature record: CXX_FEATURE:0cxx_alignof
    Feature record: CXX_FEATURE:0cxx_attributes
    Feature record: CXX_FEATURE:0cxx_attribute_deprecated
    Feature record: CXX_FEATURE:0cxx_auto_type
    Feature record: CXX_FEATURE:1cxx_binary_literals
    Feature record: CXX_FEATURE:0cxx_constexpr
    Feature record: CXX_FEATURE:0cxx_contextual_conversions
    Feature record: CXX_FEATURE:0cxx_decltype
    Feature record: CXX_FEATURE:0cxx_decltype_auto
    Feature record: CXX_FEATURE:0cxx_decltype_incomplete_return_types
    Feature record: CXX_FEATURE:0cxx_default_function_template_args
    Feature record: CXX_FEATURE:0cxx_defaulted_functions
    Feature record: CXX_FEATURE:0cxx_defaulted_move_initializers
    Feature record: CXX_FEATURE:0cxx_delegating_constructors
    Feature record: CXX_FEATURE:0cxx_deleted_functions
    Feature record: CXX_FEATURE:0cxx_digit_separators
    Feature record: CXX_FEATURE:0cxx_enum_forward_declarations
    Feature record: CXX_FEATURE:0cxx_explicit_conversions
    Feature record: CXX_FEATURE:0cxx_extended_friend_declarations
    Feature record: CXX_FEATURE:0cxx_extern_templates
    Feature record: CXX_FEATURE:0cxx_final
    Feature record: CXX_FEATURE:0cxx_func_identifier
    Feature record: CXX_FEATURE:0cxx_generalized_initializers
    Feature record: CXX_FEATURE:0cxx_generic_lambdas
    Feature record: CXX_FEATURE:0cxx_inheriting_constructors
    Feature record: CXX_FEATURE:0cxx_inline_namespaces
    Feature record: CXX_FEATURE:0cxx_lambdas
    Feature record: CXX_FEATURE:0cxx_lambda_init_captures
    Feature record: CXX_FEATURE:0cxx_local_type_template_args
    Feature record: CXX_FEATURE:0cxx_long_long_type
    Feature record: CXX_FEATURE:0cxx_noexcept
    Feature record: CXX_FEATURE:0cxx_nonstatic_member_init
    Feature record: CXX_FEATURE:0cxx_nullptr
    Feature record: CXX_FEATURE:0cxx_override
    Feature record: CXX_FEATURE:0cxx_range_for
    Feature record: CXX_FEATURE:0cxx_raw_string_literals
    Feature record: CXX_FEATURE:0cxx_reference_qualified_functions
    Feature record: CXX_FEATURE:0cxx_relaxed_constexpr
    Feature record: CXX_FEATURE:0cxx_return_type_deduction
    Feature record: CXX_FEATURE:0cxx_right_angle_brackets
    Feature record: CXX_FEATURE:0cxx_rvalue_references
    Feature record: CXX_FEATURE:0cxx_sizeof_member
    Feature record: CXX_FEATURE:0cxx_static_assert
    Feature record: CXX_FEATURE:0cxx_strong_enums
    Feature record: CXX_FEATURE:0cxx_template_template_parameters
    Feature record: CXX_FEATURE:0cxx_thread_local
    Feature record: CXX_FEATURE:0cxx_trailing_return_types
    Feature record: CXX_FEATURE:0cxx_unicode_literals
    Feature record: CXX_FEATURE:0cxx_uniform_initialization
    Feature record: CXX_FEATURE:0cxx_unrestricted_unions
    Feature record: CXX_FEATURE:0cxx_user_literals
    Feature record: CXX_FEATURE:0cxx_variable_templates
    Feature record: CXX_FEATURE:0cxx_variadic_macros
    Feature record: CXX_FEATURE:0cxx_variadic_templates
